SF:lib/src/core/util/storage_abstraction.dart
DA:63,28
DA:70,15
DA:71,45
DA:83,7
DA:84,7
DA:86,14
DA:87,7
DA:90,0
DA:95,7
DA:97,7
DA:98,21
DA:99,12
DA:103,1
DA:104,0
DA:107,3
DA:111,4
DA:113,4
DA:114,12
DA:115,8
DA:119,0
DA:120,0
DA:123,0
DA:128,2
DA:130,2
DA:131,6
DA:132,4
DA:136,0
DA:137,0
DA:140,0
DA:145,1
DA:148,4
DA:149,2
DA:153,4
DA:156,0
DA:158,0
DA:160,0
DA:163,1
DA:165,1
DA:166,3
DA:167,2
DA:170,0
DA:179,8
DA:181,1
DA:184,2
DA:185,1
DA:191,1
DA:193,2
DA:194,1
DA:197,1
DA:199,2
DA:200,2
DA:201,1
DA:204,1
DA:206,2
DA:207,1
DA:208,1
DA:212,1
DA:214,2
DA:215,1
DA:218,1
DA:220,2
DA:221,1
DA:222,2
DA:223,5
DA:225,1
DA:228,1
DA:230,1
DA:233,1
DA:234,1
DA:237,2
DA:243,46
DA:244,23
DA:247,23
DA:248,23
DA:251,23
DA:253,2
DA:255,4
DA:258,1
DA:260,1
DA:261,2
DA:265,1
DA:267,2
DA:271,1
DA:274,3
DA:276,6
DA:279,1
DA:281,2
DA:286,1
DA:287,2
DA:297,22
DA:299,1
DA:301,3
DA:304,1
DA:306,1
DA:307,2
DA:308,1
DA:310,2
DA:313,1
DA:315,1
DA:316,2
DA:319,1
DA:320,1
DA:321,2
DA:325,1
DA:327,3
DA:330,1
DA:332,3
DA:335,1
DA:337,1
DA:338,2
DA:339,4
DA:340,1
DA:343,1
DA:345,1
DA:348,1
DA:349,1
DA:352,2
DA:355,1
DA:356,1
DA:357,1
DA:358,1
DA:362,1
DA:363,2
DA:367,1
DA:368,2
DA:378,1
DA:383,22
DA:388,19
DA:393,16
DA:398,8
DA:403,8
DA:411,8
DA:417,8
DA:418,8
DA:419,8
DA:425,1
DA:426,1
DA:427,1
DA:428,1
DA:436,10
DA:437,10
DA:438,4
DA:440,14
DA:444,12
DA:445,12
DA:446,4
DA:448,18
DA:452,1
DA:453,1
DA:454,0
DA:456,2
LF:151
LH:138
end_of_record
SF:lib/src/services/secure_storage_service.dart
DA:36,9
DA:37,9
DA:44,9
DA:46,9
DA:47,9
DA:53,9
DA:54,9
DA:58,18
DA:59,0
DA:60,0
DA:62,9
DA:63,18
DA:66,9
DA:67,0
DA:70,9
DA:75,9
DA:84,16
DA:87,1
DA:89,1
DA:90,2
DA:92,2
DA:96,0
DA:97,0
DA:101,2
DA:107,1
DA:110,2
DA:111,2
DA:114,1
DA:115,2
DA:118,2
DA:123,0
DA:126,2
DA:132,1
DA:134,1
DA:135,2
DA:137,2
DA:140,2
DA:146,1
DA:148,1
DA:149,2
DA:151,2
DA:154,2
DA:160,1
DA:161,2
DA:165,1
DA:167,2
DA:170,2
DA:179,1
DA:180,3
DA:184,1
DA:185,1
DA:186,1
DA:187,1
DA:191,1
DA:193,1
DA:197,1
LF:56
LH:50
end_of_record
SF:lib/src/logging/logger.dart
DA:30,174
DA:33,58
DA:34,174
DA:38,12
DA:39,12
DA:40,0
DA:45,58
DA:48,58
DA:51,58
DA:52,12
DA:53,58
DA:54,15
DA:55,116
DA:56,5
DA:57,116
DA:58,15
DA:60,57
DA:65,58
DA:69,9
DA:72,1
DA:73,2
DA:75,2
DA:77,2
DA:83,52
DA:86,11
DA:87,22
DA:89,22
DA:90,22
DA:96,42
DA:99,41
DA:100,82
DA:101,82
DA:102,82
DA:108,46
DA:111,45
DA:112,90
DA:113,90
DA:114,90
DA:120,45
DA:123,45
DA:124,90
DA:125,90
DA:126,90
DA:132,1
DA:135,1
DA:136,2
DA:137,1
DA:138,2
DA:141,2
DA:143,5
DA:149,13
DA:150,26
DA:154,33
DA:160,66
DA:164,1
LF:55
LH:54
end_of_record
SF:lib/src/services/preferences_service.dart
DA:10,26
DA:13,26
DA:15,26
DA:17,26
DA:29,1
DA:34,7
DA:38,23
DA:40,20
DA:43,24
DA:45,21
DA:48,1
DA:50,1
DA:53,1
DA:55,1
DA:58,1
DA:60,1
DA:63,1
DA:65,1
DA:68,1
DA:70,1
DA:73,1
DA:75,1
DA:78,18
DA:80,18
DA:83,2
DA:85,2
DA:88,1
DA:90,1
DA:93,22
DA:95,19
DA:99,53
LF:31
LH:31
end_of_record
SF:lib/src/di/dependency_container.dart
DA:68,39
DA:69,26
DA:82,13
DA:85,13
DA:91,13
DA:92,5
DA:93,5
DA:96,13
DA:97,13
DA:98,13
DA:99,23
DA:100,13
DA:102,13
DA:103,13
DA:104,39
DA:109,1
DA:110,1
DA:111,0
DA:117,1
DA:118,1
DA:121,1
DA:126,2
DA:127,2
DA:128,0
DA:129,0
DA:130,0
DA:137,13
DA:138,13
DA:139,13
DA:140,13
DA:141,13
DA:142,0
DA:145,13
DA:146,13
DA:147,13
DA:148,13
DA:151,13
DA:152,26
DA:155,13
DA:156,26
DA:159,13
DA:160,24
DA:163,13
DA:164,12
DA:165,24
DA:168,13
DA:169,26
DA:171,13
DA:177,13
DA:178,26
DA:179,13
DA:180,13
DA:184,13
DA:189,13
DA:190,24
DA:192,12
DA:193,12
DA:194,12
DA:198,37
DA:200,13
DA:201,2
DA:202,1
DA:203,1
DA:207,13
DA:208,20
DA:212,26
DA:213,10
DA:214,0
DA:217,10
DA:218,0
DA:221,10
DA:222,0
DA:225,10
DA:226,0
DA:229,10
DA:230,0
DA:233,10
DA:234,0
DA:237,10
DA:238,0
DA:241,10
DA:242,0
DA:245,10
DA:246,0
DA:247,0
DA:253,13
DA:254,13
DA:255,1
DA:259,13
DA:262,13
DA:264,39
DA:266,13
DA:267,13
DA:268,13
DA:269,13
DA:270,13
DA:271,13
DA:272,13
DA:273,12
DA:274,13
DA:275,12
DA:276,13
DA:277,1
DA:280,1
DA:281,2
DA:287,13
DA:288,0
DA:291,13
DA:292,13
DA:293,13
DA:297,1
DA:298,2
DA:302,13
DA:303,26
DA:307,1
DA:308,2
DA:312,13
DA:314,26
DA:315,26
DA:319,26
DA:320,39
DA:321,26
DA:322,26
DA:326,4
DA:330,1
DA:332,2
DA:333,2
DA:337,2
DA:339,3
DA:342,0
DA:348,2
DA:349,1
DA:350,2
DA:353,3
DA:354,2
DA:355,2
DA:356,2
DA:357,1
DA:361,2
DA:362,2
DA:363,1
DA:364,1
DA:370,2
DA:374,13
DA:375,26
DA:376,26
DA:377,12
DA:381,13
DA:382,26
DA:383,26
DA:384,26
DA:385,26
DA:391,3
DA:392,3
LF:154
LH:137
end_of_record
SF:lib/src/config/core/cf_config.dart
DA:206,13
DA:207,26
DA:211,6
DA:214,2
DA:215,4
DA:219,2
DA:220,2
DA:222,2
DA:225,2
DA:226,2
DA:227,2
DA:228,2
DA:229,2
DA:235,2
DA:236,2
DA:237,2
DA:238,2
DA:258,3
DA:259,3
DA:260,3
DA:261,3
DA:262,3
DA:263,3
DA:264,3
DA:265,3
DA:266,3
DA:267,3
DA:268,3
DA:269,3
DA:270,3
DA:271,3
DA:272,3
DA:287,3
DA:288,3
DA:289,3
DA:290,3
DA:291,3
DA:292,3
DA:293,3
DA:294,3
DA:295,3
DA:296,3
DA:297,3
DA:298,3
DA:299,3
DA:300,3
DA:301,3
DA:302,3
DA:303,3
DA:304,3
DA:320,3
DA:321,3
DA:322,3
DA:323,3
DA:324,3
DA:325,3
DA:326,3
DA:327,3
DA:328,3
DA:329,3
DA:330,3
DA:331,3
DA:332,3
DA:333,3
DA:334,3
DA:335,3
DA:336,3
DA:340,29
DA:404,3
DA:458,3
DA:459,3
DA:460,3
DA:461,3
DA:463,3
DA:465,3
DA:466,3
DA:467,3
DA:468,3
DA:470,3
DA:471,3
DA:473,3
DA:475,3
DA:477,3
DA:479,3
DA:480,3
DA:481,3
DA:482,2
DA:483,3
DA:484,3
DA:486,3
DA:488,3
DA:490,3
DA:492,3
DA:493,3
DA:495,3
DA:496,3
DA:498,3
DA:499,3
DA:501,3
DA:502,3
DA:504,3
DA:506,3
DA:507,3
DA:508,3
DA:509,3
DA:510,3
DA:511,3
DA:512,3
DA:514,3
DA:515,3
DA:516,3
DA:519,3
DA:520,3
DA:522,3
DA:525,3
DA:527,3
DA:529,3
DA:530,3
DA:531,3
DA:536,1
DA:539,1
DA:542,0
DA:545,56
DA:558,2
DA:559,2
DA:560,4
DA:563,2
DA:565,2
DA:566,2
DA:567,2
DA:568,2
DA:569,2
DA:570,2
DA:571,2
DA:572,2
DA:573,2
DA:574,2
DA:575,2
DA:576,2
DA:577,2
DA:578,2
DA:579,2
DA:580,2
DA:584,2
DA:585,2
DA:586,2
DA:587,2
DA:588,2
DA:589,2
DA:590,2
DA:591,2
DA:592,2
DA:593,2
DA:594,2
DA:595,2
DA:596,2
DA:597,2
DA:598,2
DA:603,0
DA:604,0
DA:605,0
DA:606,0
DA:607,0
DA:608,0
DA:609,0
DA:610,0
DA:611,0
DA:612,0
DA:613,0
DA:614,0
DA:615,0
DA:616,0
DA:617,0
DA:618,0
DA:619,0
DA:620,0
DA:621,0
DA:622,0
DA:623,0
DA:624,0
DA:625,0
DA:626,0
DA:627,0
DA:628,0
DA:629,0
DA:630,0
DA:631,0
DA:632,0
DA:633,0
DA:634,0
DA:635,0
DA:636,0
DA:637,0
DA:638,0
DA:639,0
DA:640,0
DA:641,0
DA:642,0
DA:643,0
DA:644,0
DA:645,0
DA:646,0
DA:647,0
DA:648,0
DA:649,0
DA:650,0
DA:709,28
DA:710,56
DA:711,6
DA:714,56
DA:715,56
DA:716,5
DA:719,84
DA:720,1
DA:725,4
DA:726,4
DA:731,4
DA:732,4
DA:733,2
DA:735,4
DA:740,2
DA:741,2
DA:742,2
DA:744,1
DA:749,19
DA:750,19
DA:755,6
DA:756,6
DA:757,3
DA:759,6
DA:764,5
DA:765,5
DA:770,4
DA:771,4
DA:776,1
DA:777,1
DA:782,3
DA:783,3
DA:788,1
DA:789,1
DA:794,5
DA:795,5
DA:800,5
DA:801,5
DA:806,21
DA:807,21
DA:812,6
DA:813,6
DA:818,5
DA:819,5
DA:824,23
DA:825,23
DA:830,4
DA:831,4
DA:836,24
DA:837,24
DA:842,2
DA:843,2
DA:848,3
DA:849,3
DA:854,2
DA:855,2
DA:860,1
DA:861,1
DA:866,3
DA:867,3
DA:872,5
DA:873,5
DA:880,5
DA:881,5
DA:886,5
DA:887,5
DA:888,2
DA:890,5
DA:895,2
DA:896,2
DA:897,1
DA:899,2
DA:904,2
DA:905,2
DA:906,1
DA:908,2
DA:913,2
DA:914,2
DA:915,2
DA:917,2
DA:922,5
DA:923,5
DA:928,5
DA:929,5
DA:936,3
DA:937,3
DA:942,3
DA:943,6
DA:944,2
DA:947,3
DA:952,3
DA:953,3
DA:958,2
DA:959,2
DA:964,3
DA:965,6
DA:966,2
DA:969,3
DA:974,3
DA:975,3
DA:976,1
DA:978,2
DA:983,3
DA:984,3
DA:985,1
DA:987,2
DA:992,2
DA:993,2
DA:994,1
DA:996,1
DA:1001,2
DA:1002,2
DA:1009,2
DA:1010,2
DA:1023,2
DA:1024,4
DA:1029,1
DA:1030,2
DA:1031,2
DA:1037,2
DA:1038,2
DA:1043,0
DA:1044,0
DA:1049,0
DA:1050,0
DA:1056,28
DA:1057,28
DA:1058,28
DA:1059,28
DA:1060,28
DA:1061,28
DA:1062,28
DA:1063,28
DA:1064,28
DA:1065,28
DA:1066,28
DA:1067,28
DA:1068,28
DA:1069,28
DA:1070,28
DA:1071,28
DA:1072,28
DA:1073,28
DA:1074,28
DA:1075,28
DA:1076,28
DA:1077,28
DA:1078,28
DA:1079,28
DA:1080,28
DA:1081,28
DA:1082,28
DA:1083,28
DA:1084,28
DA:1085,28
DA:1086,28
DA:1087,28
DA:1088,28
DA:1089,28
DA:1090,28
DA:1091,28
DA:1092,28
DA:1093,28
DA:1094,28
DA:1095,28
DA:1096,28
DA:1097,28
DA:1098,28
DA:1099,28
DA:1100,56
DA:1101,28
DA:1102,28
DA:1103,56
DA:1113,1
DA:1116,2
DA:1119,1
DA:1120,2
DA:1124,1
DA:1125,2
DA:1129,1
DA:1130,1
DA:1131,2
DA:1133,1
DA:1136,2
DA:1142,1
DA:1143,1
DA:1144,0
DA:1146,3
DA:1150,1
DA:1151,1
DA:1152,0
DA:1154,3
DA:1158,1
DA:1159,1
DA:1160,0
DA:1162,3
DA:1166,1
DA:1167,1
DA:1168,0
DA:1170,3
DA:1174,1
DA:1175,1
DA:1176,0
DA:1178,3
DA:1182,1
DA:1183,3
DA:1187,1
DA:1188,3
DA:1192,1
DA:1193,3
DA:1197,1
DA:1198,3
DA:1202,1
DA:1203,1
DA:1204,0
DA:1206,3
DA:1212,39
DA:1216,13
DA:1218,26
DA:1219,26
DA:1223,13
DA:1226,39
DA:1228,0
DA:1229,0
DA:1231,26
DA:1237,13
DA:1239,13
DA:1240,26
DA:1242,13
DA:1243,13
DA:1244,26
DA:1245,13
DA:1247,13
DA:1257,1
DA:1258,1
DA:1260,3
DA:1261,2
DA:1262,2
DA:1263,2
DA:1267,3
DA:1268,2
DA:1269,1
DA:1270,1
DA:1274,3
DA:1275,2
DA:1276,1
DA:1277,1
DA:1281,2
DA:1282,1
DA:1283,2
DA:1284,1
DA:1285,1
DA:1293,1
DA:1295,1
DA:1296,3
DA:1297,2
DA:1298,2
DA:1299,2
DA:1300,2
DA:1303,1
DA:1305,3
DA:1306,4
DA:1307,1
DA:1309,2
DA:1313,1
DA:1314,2
DA:1315,2
DA:1316,1
DA:1317,2
DA:1321,1
DA:1325,1
DA:1328,3
DA:1329,3
DA:1332,2
LF:480
LH:419
end_of_record
SF:lib/src/core/model/cf_user.dart
DA:113,6
DA:116,19
DA:117,19
DA:121,6
DA:123,18
DA:124,12
DA:150,2
DA:159,2
DA:162,2
DA:163,2
DA:192,20
DA:226,2
DA:227,2
DA:228,2
DA:229,2
DA:230,2
DA:231,1
DA:232,1
DA:234,2
DA:235,1
DA:236,1
DA:238,3
DA:239,2
DA:240,3
DA:241,1
DA:242,2
DA:243,2
DA:244,2
DA:246,2
DA:247,2
DA:253,5
DA:255,10
DA:258,10
DA:259,6
DA:261,5
DA:262,3
DA:264,5
DA:265,3
DA:269,5
DA:270,5
DA:271,5
DA:276,8
DA:277,3
DA:281,8
DA:282,0
DA:289,2
DA:290,4
DA:291,2
DA:292,2
DA:293,2
DA:294,2
DA:295,2
DA:296,2
DA:298,2
DA:299,2
DA:300,2
DA:305,2
DA:306,4
DA:307,2
DA:308,2
DA:309,2
DA:310,2
DA:311,2
DA:312,2
DA:313,2
DA:315,2
DA:316,2
DA:321,2
DA:322,2
DA:323,12
DA:324,2
DA:325,2
DA:326,2
DA:327,2
DA:328,2
DA:329,2
DA:330,2
DA:332,2
DA:333,2
DA:338,3
DA:339,3
DA:340,3
DA:341,3
DA:342,3
DA:343,3
DA:344,3
DA:345,3
DA:347,3
DA:352,3
DA:353,3
DA:354,3
DA:355,3
DA:356,3
DA:357,3
DA:358,3
DA:359,3
DA:360,3
DA:368,2
DA:369,4
DA:370,2
DA:373,4
DA:374,2
DA:376,2
DA:378,2
DA:379,2
DA:380,2
DA:382,2
DA:384,2
DA:385,2
DA:386,2
DA:391,2
DA:392,4
DA:393,2
DA:396,4
DA:397,2
DA:399,2
DA:401,2
DA:402,2
DA:403,2
DA:405,2
DA:407,2
DA:408,2
DA:409,2
DA:414,2
DA:415,4
DA:416,2
DA:419,4
DA:420,2
DA:422,2
DA:424,2
DA:425,2
DA:426,2
DA:428,2
DA:430,2
DA:431,2
DA:432,2
DA:437,2
DA:438,4
DA:439,2
DA:442,4
DA:443,2
DA:445,2
DA:447,2
DA:448,2
DA:449,2
DA:451,2
DA:453,2
DA:454,2
DA:455,2
DA:460,2
DA:461,4
DA:462,2
DA:465,4
DA:466,2
DA:468,2
DA:470,2
DA:471,2
DA:472,2
DA:474,2
DA:476,2
DA:477,2
DA:478,2
DA:483,2
DA:484,4
DA:485,2
DA:488,5
DA:489,2
DA:490,2
DA:492,1
DA:494,2
DA:495,2
DA:496,2
DA:498,2
DA:500,2
DA:501,2
DA:502,2
DA:507,2
DA:508,4
DA:509,4
DA:510,2
DA:514,4
DA:515,2
DA:516,2
DA:518,0
DA:520,2
DA:521,2
DA:522,2
DA:524,2
DA:526,2
DA:527,2
DA:528,2
DA:533,2
DA:535,4
DA:540,4
DA:541,2
DA:543,2
DA:545,2
DA:546,2
DA:547,2
DA:549,2
DA:550,2
DA:551,2
DA:552,2
DA:553,2
DA:558,2
DA:561,10
DA:562,2
DA:567,4
DA:568,2
DA:570,2
DA:572,2
DA:573,2
DA:574,2
DA:576,2
DA:577,2
DA:578,2
DA:579,2
DA:580,2
DA:585,1
DA:586,1
DA:587,2
DA:588,2
DA:589,2
DA:590,6
DA:591,4
DA:592,1
DA:593,1
DA:594,2
DA:595,3
DA:597,1
DA:598,0
DA:599,0
DA:605,1
DA:606,1
DA:607,1
DA:608,1
DA:609,1
DA:610,1
DA:611,3
DA:612,1
DA:613,0
DA:614,1
DA:615,2
DA:617,1
DA:618,1
DA:619,1
DA:621,1
DA:622,1
DA:623,1
DA:624,2
DA:625,1
DA:628,1
DA:629,1
DA:630,1
DA:631,2
DA:632,1
DA:650,19
DA:653,7
DA:654,7
DA:659,18
DA:660,18
DA:661,0
DA:663,36
DA:664,0
DA:666,36
DA:667,0
DA:670,36
DA:675,6
DA:676,6
DA:677,0
DA:679,12
DA:680,0
DA:682,12
DA:683,0
DA:686,12
DA:691,11
DA:692,11
DA:693,0
DA:695,22
DA:696,0
DA:698,22
DA:703,2
DA:704,2
DA:705,0
DA:707,4
DA:708,0
DA:710,2
DA:711,0
DA:713,4
DA:714,0
DA:716,4
DA:721,1
DA:722,2
DA:727,2
DA:728,2
DA:733,2
DA:734,2
DA:739,1
DA:740,1
DA:745,0
DA:746,0
DA:751,1
DA:752,3
DA:753,1
DA:754,2
DA:759,19
DA:761,57
DA:762,4
DA:764,57
DA:765,2
DA:769,57
DA:770,0
DA:774,38
DA:775,38
DA:778,19
DA:779,19
DA:780,19
DA:781,19
DA:782,19
DA:783,19
DA:784,19
DA:785,19
DA:786,19
LF:323
LH:303
end_of_record
SF:lib/src/client/managers/config_manager.dart
DA:125,13
DA:135,13
DA:136,13
DA:140,26
DA:143,39
DA:145,13
DA:150,13
DA:151,13
DA:156,26
DA:157,1
DA:158,1
DA:162,13
DA:173,26
DA:174,26
DA:176,13
DA:177,6
DA:178,18
DA:181,12
DA:184,12
DA:186,6
DA:188,13
DA:191,13
DA:195,13
DA:197,26
DA:198,12
DA:200,24
DA:201,24
DA:207,10
DA:210,20
DA:217,10
DA:218,1
DA:223,10
DA:224,1
DA:225,1
DA:226,1
DA:231,10
DA:232,10
DA:235,20
DA:236,10
DA:237,1
DA:239,1
DA:244,10
DA:248,10
DA:250,20
DA:251,0
DA:252,0
DA:253,0
DA:258,10
DA:259,20
DA:260,20
DA:265,10
DA:267,10
DA:268,0
DA:273,20
DA:274,0
DA:278,10
DA:284,20
DA:286,10
DA:287,4
DA:288,8
DA:290,8
DA:291,4
DA:296,12
DA:298,6
DA:299,6
DA:300,6
DA:304,6
DA:310,10
DA:311,5
DA:312,10
DA:313,5
DA:316,10
DA:318,5
DA:320,10
DA:322,5
DA:325,5
DA:328,0
DA:329,0
DA:331,0
DA:332,0
DA:337,5
DA:340,10
DA:343,0
DA:344,0
DA:345,0
DA:350,10
DA:353,10
DA:355,5
DA:356,0
DA:357,0
DA:358,0
DA:359,0
DA:363,5
DA:364,5
DA:365,10
DA:368,10
DA:369,5
DA:370,10
DA:371,10
DA:372,10
DA:373,10
DA:376,10
DA:379,0
DA:383,5
DA:385,0
DA:392,0
DA:394,10
DA:399,5
DA:402,10
DA:405,10
DA:407,10
DA:408,0
DA:409,0
DA:410,0
DA:412,5
DA:413,5
DA:417,5
DA:418,15
DA:419,0
DA:424,0
DA:426,0
DA:431,7
DA:432,7
DA:434,21
DA:436,11
DA:437,8
DA:443,4
DA:444,3
DA:445,2
DA:448,8
DA:449,3
DA:456,6
DA:457,2
DA:458,4
DA:459,0
DA:461,4
DA:465,4
DA:466,4
DA:467,8
DA:468,4
DA:471,6
DA:479,7
DA:480,4
DA:481,8
DA:482,4
DA:483,8
DA:484,3
DA:485,6
DA:489,4
DA:490,8
DA:491,4
DA:493,6
DA:498,4
DA:499,8
DA:500,8
DA:501,8
DA:507,8
DA:508,3
DA:511,1
DA:513,1
DA:514,2
DA:516,2
DA:518,1
DA:520,2
DA:527,1
DA:530,1
DA:531,0
DA:532,0
DA:533,0
DA:534,0
DA:538,1
DA:541,2
DA:545,1
DA:546,2
DA:549,1
DA:554,1
DA:555,2
DA:556,1
DA:557,1
DA:561,1
DA:564,1
DA:565,0
DA:566,0
DA:567,0
DA:568,0
DA:572,1
DA:575,2
DA:579,1
DA:580,2
DA:583,1
DA:584,1
DA:585,1
DA:590,1
DA:591,2
DA:592,1
DA:593,1
DA:597,1
DA:600,1
DA:601,0
DA:602,0
DA:603,0
DA:604,0
DA:608,1
DA:611,2
DA:615,1
DA:616,2
DA:619,1
DA:624,1
DA:625,2
DA:626,1
DA:627,1
DA:631,1
DA:634,1
DA:635,0
DA:636,0
DA:637,0
DA:638,0
DA:642,1
DA:645,2
DA:649,1
DA:650,2
DA:653,1
DA:658,1
DA:659,2
DA:660,1
DA:661,1
DA:665,2
DA:668,2
DA:669,0
DA:670,0
DA:671,0
DA:672,0
DA:676,2
DA:679,4
DA:684,2
DA:685,4
DA:688,2
DA:693,1
DA:694,3
DA:695,1
DA:696,1
DA:701,2
DA:703,2
DA:704,0
DA:705,0
DA:709,10
DA:712,2
DA:716,2
DA:717,2
DA:719,0
DA:725,2
DA:726,2
DA:727,1
DA:728,1
DA:733,10
DA:735,2
DA:736,4
DA:739,2
DA:742,2
DA:745,2
DA:746,2
DA:747,2
DA:751,2
DA:752,2
DA:753,2
DA:756,2
DA:757,2
DA:758,2
DA:761,2
DA:762,1
DA:766,2
DA:767,4
DA:768,8
DA:769,2
DA:770,4
DA:771,2
DA:772,3
DA:774,2
DA:775,0
DA:776,0
DA:779,0
DA:780,0
DA:783,0
DA:787,1
DA:789,3
DA:791,3
DA:794,2
DA:795,1
DA:796,1
DA:798,1
DA:799,3
DA:804,2
DA:810,1
DA:811,1
DA:812,1
DA:816,0
DA:818,0
DA:820,0
DA:826,0
DA:827,0
DA:830,0
DA:837,1
DA:839,3
DA:840,2
DA:846,8
DA:848,8
DA:850,24
DA:851,20
DA:852,4
DA:853,4
DA:856,8
DA:857,6
DA:866,13
DA:868,13
DA:869,23
DA:870,13
DA:871,19
DA:872,13
DA:873,26
DA:876,2
DA:879,4
DA:880,1
DA:884,2
DA:887,6
DA:889,0
DA:890,0
DA:891,0
DA:897,1
DA:898,2
DA:903,4
DA:905,4
DA:907,2
DA:908,0
DA:909,0
DA:910,0
DA:911,0
DA:915,2
DA:916,6
DA:918,2
DA:921,0
DA:922,0
DA:923,0
DA:928,1
DA:930,1
DA:932,3
DA:933,3
DA:934,2
DA:937,2
DA:938,3
DA:941,0
DA:946,1
DA:950,1
DA:952,1
DA:955,6
DA:957,6
DA:960,1
DA:963,2
DA:966,6
DA:968,6
DA:972,11
DA:973,22
DA:974,22
DA:977,13
DA:980,26
DA:983,19
DA:986,13
DA:987,6
DA:990,12
DA:991,0
DA:996,1
DA:997,1
DA:1000,2
DA:1002,1
DA:1003,2
DA:1004,2
DA:1009,1
DA:1014,1
DA:1022,2
DA:1023,6
DA:1025,4
DA:1026,2
DA:1028,2
DA:1029,2
DA:1031,3
DA:1032,1
DA:1033,3
DA:1034,1
DA:1035,2
DA:1044,1
DA:1045,3
DA:1047,3
DA:1048,1
DA:1049,1
DA:1051,2
DA:1052,1
DA:1053,1
DA:1054,0
DA:1055,1
DA:1065,8
DA:1067,8
LF:400
LH:327
end_of_record
SF:lib/src/client/managers/user_manager.dart
DA:106,13
DA:108,13
DA:110,13
DA:113,4
DA:115,4
DA:116,4
DA:119,2
DA:122,6
DA:123,2
DA:126,1
DA:128,3
DA:129,1
DA:132,1
DA:134,1
DA:137,1
DA:139,1
DA:142,1
DA:144,1
DA:147,1
DA:149,1
DA:152,1
DA:154,2
DA:155,3
DA:159,1
DA:161,3
DA:164,1
DA:166,3
DA:167,1
DA:170,1
DA:172,3
DA:173,1
DA:176,2
DA:178,6
DA:179,2
DA:182,2
DA:184,6
DA:185,2
DA:189,13
DA:191,26
DA:195,1
DA:197,2
DA:201,4
DA:203,12
DA:205,8
DA:207,3
DA:214,1
DA:216,3
DA:217,1
DA:220,1
DA:222,3
DA:223,1
DA:226,1
DA:228,3
DA:229,1
DA:233,1
DA:235,3
DA:236,1
DA:240,1
DA:242,3
DA:243,1
DA:246,1
DA:248,3
DA:249,1
DA:252,1
DA:254,3
DA:255,1
DA:258,1
DA:260,3
DA:261,1
DA:264,1
DA:266,3
DA:267,1
DA:272,1
DA:276,1
LF:74
LH:74
end_of_record
SF:lib/src/client/managers/environment_manager.dart
DA:28,2
DA:34,1
DA:37,1
DA:39,1
DA:40,5
DA:44,1
DA:48,1
DA:49,2
DA:53,1
DA:55,0
DA:58,2
DA:60,0
DA:61,0
DA:68,1
DA:72,2
DA:75,4
LF:16
LH:13
end_of_record
SF:lib/src/client/managers/listener_manager.dart
DA:46,2
DA:49,4
DA:50,6
DA:53,2
DA:56,4
DA:58,2
DA:59,2
DA:60,2
DA:65,2
DA:67,4
DA:70,2
DA:72,4
DA:75,1
DA:77,2
DA:80,1
DA:82,2
DA:86,1
DA:88,2
DA:90,2
DA:92,1
DA:94,3
DA:101,1
DA:103,3
DA:105,1
DA:107,3
DA:113,1
DA:116,3
DA:118,1
DA:120,3
DA:125,10
DA:127,20
DA:128,20
DA:129,20
LF:33
LH:33
end_of_record
SF:lib/src/analytics/event/event_tracker.dart
DA:74,10
DA:83,20
DA:85,0
DA:86,0
DA:90,20
DA:91,10
DA:92,10
DA:93,30
DA:99,1
DA:101,1
DA:103,1
DA:109,2
DA:114,2
DA:115,2
DA:116,2
DA:117,1
DA:118,1
DA:119,2
DA:120,2
DA:125,2
DA:131,2
DA:132,2
DA:134,2
DA:135,12
DA:139,2
DA:140,2
DA:141,2
DA:143,8
DA:144,2
DA:145,1
DA:146,2
DA:153,4
DA:155,1
DA:156,1
DA:162,1
DA:166,2
DA:171,2
DA:175,2
DA:178,2
DA:179,10
DA:181,2
DA:182,1
DA:183,1
DA:187,1
DA:190,5
DA:193,1
DA:194,2
DA:195,1
DA:196,2
DA:198,1
DA:199,1
DA:206,1
DA:208,0
DA:210,0
DA:211,0
DA:213,0
DA:216,0
DA:221,1
DA:222,1
DA:223,2
DA:227,0
DA:228,0
DA:229,0
DA:230,0
DA:231,0
DA:232,0
DA:234,0
DA:235,0
DA:237,0
DA:238,0
DA:245,0
DA:247,0
DA:249,0
DA:256,4
DA:257,2
DA:258,8
DA:262,2
DA:264,4
DA:265,2
DA:267,1
DA:277,2
DA:278,6
DA:280,3
DA:281,3
DA:282,1
DA:283,3
DA:285,1
DA:289,2
DA:291,0
DA:292,0
DA:293,0
DA:299,0
DA:310,1
DA:312,1
DA:313,1
DA:314,1
DA:315,0
DA:316,0
DA:317,0
DA:318,0
DA:325,1
DA:327,3
DA:330,1
DA:331,1
DA:332,2
DA:334,4
DA:335,1
DA:336,0
DA:337,0
DA:344,2
DA:345,1
DA:346,4
DA:350,1
DA:351,2
DA:353,2
DA:355,0
DA:366,1
DA:367,3
DA:369,3
DA:370,3
DA:371,0
DA:372,0
DA:374,0
DA:378,1
DA:380,0
DA:381,0
DA:382,0
DA:388,0
DA:398,10
DA:400,10
DA:402,20
DA:403,10
DA:404,10
DA:407,6
DA:409,2
DA:410,2
DA:417,1
DA:418,1
DA:419,2
DA:420,1
DA:422,1
DA:423,1
DA:424,4
DA:426,1
DA:432,0
DA:435,0
DA:436,0
DA:443,1
DA:444,1
DA:445,4
DA:446,1
DA:447,1
DA:448,2
DA:451,1
DA:459,1
DA:460,1
DA:461,1
DA:463,2
DA:464,1
DA:465,1
DA:466,1
DA:469,3
DA:472,3
DA:475,4
DA:478,2
DA:480,2
DA:481,1
DA:484,3
DA:488,5
DA:489,2
DA:490,1
DA:493,1
DA:494,5
DA:498,1
DA:503,1
DA:505,2
DA:506,1
DA:507,0
DA:508,0
DA:509,0
DA:511,1
DA:512,2
DA:516,1
DA:517,3
DA:518,1
DA:519,2
DA:522,1
DA:525,2
DA:526,0
DA:529,0
DA:532,1
DA:535,2
DA:536,2
DA:539,2
DA:542,2
DA:543,1
DA:544,1
DA:545,2
DA:546,1
DA:547,2
DA:552,1
DA:553,2
DA:557,2
DA:558,4
DA:559,0
DA:560,0
DA:561,0
DA:564,2
DA:565,1
DA:566,2
DA:571,1
DA:573,2
DA:575,2
DA:578,2
DA:580,1
DA:583,2
DA:584,2
DA:587,2
DA:590,1
DA:592,1
DA:598,1
DA:599,2
DA:607,10
DA:612,20
DA:613,11
DA:614,1
DA:615,1
DA:620,9
DA:622,9
DA:623,9
DA:624,9
DA:629,0
DA:632,0
DA:633,0
DA:634,0
DA:639,0
DA:642,0
DA:643,0
DA:644,0
DA:649,1
DA:651,1
DA:652,2
DA:654,1
DA:656,1
DA:662,0
DA:663,0
DA:664,0
DA:669,1
DA:671,2
DA:672,2
DA:677,0
DA:679,0
DA:683,0
DA:685,0
DA:686,0
DA:690,10
DA:692,10
DA:693,10
DA:694,20
DA:697,10
DA:700,20
DA:702,10
DA:706,10
DA:707,10
DA:708,10
DA:709,10
DA:710,30
DA:712,20
DA:713,30
DA:714,2
DA:716,4
DA:717,0
DA:719,2
DA:726,10
DA:727,10
DA:728,10
DA:729,20
DA:730,10
DA:735,3
DA:736,9
DA:738,2
DA:739,1
DA:740,1
DA:743,2
DA:748,2
DA:754,1
DA:755,2
DA:756,1
DA:757,3
DA:760,2
DA:763,1
DA:766,1
DA:776,2
DA:777,2
DA:778,0
DA:779,0
DA:780,0
DA:783,0
DA:784,0
DA:785,0
DA:791,1
DA:792,2
DA:798,5
DA:802,1
DA:803,1
DA:804,4
DA:806,1
DA:807,1
DA:809,2
DA:811,1
DA:812,2
DA:818,1
DA:819,1
DA:820,1
DA:821,1
DA:822,1
DA:824,1
DA:825,2
DA:826,6
DA:831,1
DA:832,1
DA:835,2
DA:836,1
DA:837,1
DA:838,1
DA:839,2
DA:840,3
DA:841,1
DA:842,2
DA:843,2
DA:844,1
DA:845,2
DA:852,0
DA:853,0
DA:855,0
DA:856,0
DA:858,0
DA:859,0
DA:862,0
DA:863,0
DA:870,0
DA:872,0
DA:874,0
DA:880,1
DA:881,5
DA:882,1
DA:884,1
DA:885,2
DA:887,3
DA:889,2
DA:890,0
DA:891,0
DA:900,1
DA:902,3
DA:903,2
DA:906,2
DA:909,1
DA:910,1
DA:912,1
DA:913,0
DA:914,0
DA:916,2
DA:917,1
DA:918,2
DA:922,0
DA:923,0
DA:925,2
DA:926,1
LF:368
LH:279
end_of_record
SF:lib/src/analytics/summary/summary_manager.dart
DA:46,11
DA:51,11
DA:52,33
DA:53,33
DA:54,11
DA:55,44
DA:56,11
DA:60,1
DA:63,2
DA:64,1
DA:65,1
DA:66,1
DA:67,1
DA:69,1
DA:71,1
DA:79,1
DA:87,1
DA:93,2
DA:97,1
DA:101,1
DA:103,2
DA:104,2
DA:108,4
DA:109,1
DA:110,4
DA:111,1
DA:116,1
DA:118,2
DA:122,1
DA:124,2
DA:125,2
DA:126,1
DA:130,2
DA:133,2
DA:134,4
DA:137,10
DA:139,0
DA:140,0
DA:146,0
DA:150,2
DA:153,1
DA:154,1
DA:160,1
DA:163,2
DA:164,2
DA:165,4
DA:167,2
DA:168,1
DA:169,1
DA:170,1
DA:172,2
DA:174,2
DA:175,2
DA:176,1
DA:182,1
DA:186,2
DA:190,1
DA:193,4
DA:194,2
DA:195,2
DA:196,2
DA:199,4
DA:201,2
DA:204,2
DA:205,6
DA:207,4
DA:208,2
DA:211,2
DA:214,2
DA:215,2
DA:217,8
DA:218,1
DA:219,1
DA:226,1
DA:228,4
DA:229,1
DA:230,1
DA:236,1
DA:243,4
DA:244,2
DA:245,6
DA:248,8
DA:249,1
DA:250,4
DA:251,1
DA:254,2
DA:258,10
DA:261,20
DA:263,10
DA:266,2
DA:267,6
DA:269,2
DA:270,4
DA:271,6
DA:274,2
DA:275,0
DA:276,0
DA:279,6
DA:282,2
DA:283,2
DA:284,1
DA:285,2
DA:286,2
DA:288,2
DA:289,4
DA:290,2
DA:291,4
DA:296,0
DA:297,0
DA:298,0
DA:304,0
DA:312,2
DA:314,2
DA:315,4
DA:318,2
DA:319,4
DA:320,8
DA:324,2
DA:327,8
DA:330,6
DA:334,2
DA:335,2
DA:336,2
DA:337,4
DA:342,2
DA:343,2
DA:344,2
DA:347,1
DA:351,4
DA:352,4
DA:353,4
DA:354,4
DA:358,1
DA:359,2
DA:360,1
DA:362,0
DA:363,0
DA:364,0
DA:365,0
DA:366,0
DA:371,2
DA:372,4
DA:373,2
DA:379,2
DA:380,2
DA:381,4
DA:389,2
DA:391,2
DA:392,4
DA:395,4
DA:396,8
DA:397,0
DA:399,4
DA:403,2
DA:404,0
DA:405,0
DA:406,0
DA:407,0
DA:415,11
DA:417,11
DA:418,11
DA:421,22
DA:422,22
DA:423,1
DA:426,2
DA:427,1
DA:428,3
DA:430,1
DA:432,0
DA:433,0
DA:434,0
DA:444,11
DA:445,22
DA:448,1
DA:450,2
DA:451,1
DA:454,2
DA:455,2
DA:456,0
DA:459,0
DA:460,0
DA:462,0
DA:464,0
DA:465,0
DA:466,0
DA:476,1
DA:477,2
DA:481,3
DA:484,3
DA:487,11
DA:489,22
DA:490,11
DA:491,11
DA:496,0
DA:500,0
DA:507,2
DA:508,2
DA:509,6
DA:510,6
DA:511,6
DA:512,6
DA:513,6
DA:514,6
DA:515,6
DA:517,2
LF:205
LH:174
end_of_record
SF:lib/src/network/config_fetcher.dart
DA:47,10
DA:48,20
DA:49,20
DA:50,40
DA:54,10
DA:55,10
DA:58,10
DA:60,10
DA:61,20
DA:65,1
DA:68,1
DA:69,1
DA:74,5
DA:75,1
DA:76,3
DA:83,2
DA:85,1
DA:87,2
DA:88,2
DA:91,1
DA:92,1
DA:94,1
DA:95,2
DA:101,4
DA:104,2
DA:106,2
DA:113,2
DA:116,1
DA:123,5
DA:125,3
DA:128,1
DA:129,2
DA:135,1
DA:137,3
DA:139,1
DA:140,2
DA:146,1
DA:147,1
DA:148,2
DA:152,2
DA:153,2
DA:157,7
DA:158,2
DA:161,1
DA:162,1
DA:167,1
DA:169,0
DA:170,0
DA:171,0
DA:179,1
DA:180,1
DA:182,1
DA:184,1
DA:185,1
DA:189,1
DA:190,3
DA:193,1
DA:194,1
DA:195,1
DA:199,1
DA:200,1
DA:201,2
DA:203,1
DA:204,1
DA:206,1
DA:208,1
DA:209,1
DA:210,1
DA:214,1
DA:215,1
DA:217,1
DA:219,1
DA:220,0
DA:224,1
DA:226,1
DA:233,1
DA:234,3
DA:237,1
DA:240,1
DA:241,2
DA:244,2
DA:248,1
DA:249,2
DA:250,2
DA:254,1
DA:255,2
DA:257,1
DA:258,2
DA:259,1
DA:261,0
DA:262,0
DA:269,0
DA:270,0
DA:272,0
DA:275,0
DA:276,0
DA:285,1
DA:287,1
DA:293,1
DA:294,1
DA:295,1
DA:299,1
DA:300,1
DA:301,1
DA:302,1
DA:307,3
DA:311,0
DA:322,1
DA:323,1
DA:327,1
DA:329,1
DA:333,1
DA:340,2
DA:341,3
DA:342,2
DA:346,2
DA:348,1
DA:349,1
DA:350,1
DA:359,1
DA:363,1
DA:366,1
DA:370,1
DA:374,2
DA:375,2
DA:378,1
DA:380,1
DA:388,2
DA:389,1
DA:390,3
DA:394,3
DA:396,1
DA:398,1
DA:405,1
DA:406,2
DA:414,5
DA:417,5
DA:419,5
DA:420,1
DA:421,1
DA:427,5
DA:430,10
DA:432,10
DA:436,5
DA:440,10
DA:442,5
DA:443,3
DA:444,1
DA:445,1
DA:446,2
DA:447,3
DA:449,1
DA:453,5
DA:454,10
DA:455,10
DA:457,5
DA:458,5
DA:461,5
DA:463,0
DA:464,0
DA:465,0
DA:470,0
DA:471,0
DA:472,0
DA:474,0
DA:479,0
DA:480,0
DA:489,5
DA:490,10
DA:492,10
DA:493,10
DA:497,1
DA:499,1
DA:501,4
DA:503,2
DA:505,1
DA:511,1
DA:514,1
DA:515,1
DA:516,1
DA:522,1
DA:525,1
DA:528,2
DA:530,2
DA:534,1
DA:537,2
DA:540,3
DA:545,1
DA:546,1
DA:548,1
DA:553,0
DA:554,0
DA:555,0
DA:558,0
DA:566,1
DA:567,1
DA:568,1
DA:569,1
DA:570,1
DA:576,1
DA:577,1
DA:578,1
DA:579,1
DA:580,1
DA:581,1
DA:582,1
DA:591,1
DA:593,1
DA:595,1
DA:597,1
DA:598,1
DA:605,1
DA:607,1
DA:611,1
DA:613,1
DA:614,1
DA:615,1
LF:217
LH:192
end_of_record
SF:lib/src/network/connection/connection_manager_impl.dart
DA:41,10
DA:42,20
DA:43,10
DA:48,0
DA:49,0
DA:50,0
DA:51,0
DA:56,0
DA:57,0
DA:59,4
DA:60,4
DA:62,10
DA:63,10
DA:64,10
DA:65,10
DA:66,10
DA:67,10
DA:68,10
DA:69,10
DA:72,10
DA:74,20
DA:76,20
DA:78,10
DA:79,20
DA:81,0
DA:86,10
DA:88,20
DA:91,9
DA:94,18
DA:95,2
DA:99,9
DA:100,9
DA:104,9
DA:105,9
DA:108,18
DA:111,1
DA:114,1
DA:115,1
DA:118,1
DA:121,1
DA:122,1
DA:126,0
DA:128,0
DA:129,0
DA:130,0
DA:131,0
DA:134,4
DA:136,8
DA:137,4
DA:139,12
DA:140,4
DA:141,8
DA:142,4
DA:143,8
DA:144,8
DA:145,6
DA:146,6
DA:147,3
DA:151,0
DA:153,0
DA:154,0
DA:155,0
DA:157,0
DA:160,4
DA:161,12
DA:162,16
DA:163,8
DA:166,4
DA:167,4
DA:168,4
DA:169,4
DA:170,16
DA:171,12
DA:173,8
DA:174,0
DA:175,0
DA:176,0
DA:177,0
DA:180,0
DA:185,0
DA:186,0
DA:187,0
DA:189,0
DA:190,0
DA:191,0
DA:196,9
DA:197,13
DA:198,9
DA:199,9
DA:202,10
DA:203,11
DA:204,20
DA:205,0
DA:206,0
DA:207,0
DA:208,0
DA:213,10
DA:215,20
DA:216,14
DA:217,20
DA:220,10
DA:221,20
DA:222,10
DA:223,10
DA:224,10
DA:225,20
DA:228,20
DA:229,29
DA:231,9
DA:233,0
DA:245,0
DA:247,0
DA:250,0
LF:113
LH:77
end_of_record
SF:lib/src/platform/default_background_state_monitor.dart
DA:49,10
DA:50,10
DA:55,1
DA:61,1
DA:62,1
DA:63,1
DA:64,1
DA:66,1
DA:67,1
DA:68,1
DA:69,1
DA:70,2
DA:72,1
DA:73,1
DA:74,2
DA:75,2
DA:77,1
DA:79,1
DA:85,1
DA:89,10
DA:90,10
DA:93,20
DA:96,10
DA:100,10
DA:101,10
DA:105,21
DA:108,2
DA:109,1
DA:112,4
DA:113,1
DA:116,9
DA:126,1
DA:127,1
DA:131,3
DA:134,1
DA:136,1
DA:139,2
DA:140,1
DA:141,1
DA:144,0
DA:154,1
DA:156,1
DA:158,1
DA:160,2
DA:161,1
DA:162,1
DA:167,1
DA:168,1
DA:171,2
DA:173,2
DA:175,2
DA:178,2
DA:180,1
DA:191,1
DA:192,1
DA:195,2
DA:197,1
DA:199,0
DA:202,0
DA:203,0
DA:204,0
DA:207,0
DA:218,10
DA:220,10
DA:222,20
DA:223,20
DA:227,20
DA:229,1
DA:240,1
DA:242,1
DA:243,2
DA:247,1
DA:249,1
DA:251,2
DA:252,2
DA:256,1
DA:257,1
DA:258,1
DA:261,1
DA:272,1
DA:274,1
DA:275,2
DA:279,1
DA:280,1
DA:283,0
DA:284,0
DA:287,1
DA:288,1
DA:291,1
DA:292,1
DA:295,10
DA:297,10
DA:299,10
DA:302,11
DA:303,10
DA:306,20
DA:309,20
DA:310,20
DA:318,1
DA:320,1
DA:322,2
LF:101
LH:93
end_of_record
SF:lib/src/analytics/event/event_data.dart
DA:27,12
DA:37,9
DA:46,9
DA:47,9
DA:52,18
DA:57,6
DA:58,6
DA:59,6
DA:60,6
DA:61,12
DA:62,6
DA:63,6
DA:64,6
DA:69,4
DA:70,4
DA:71,4
DA:72,4
DA:73,8
DA:74,4
DA:75,4
DA:76,4
DA:81,8
DA:84,2
DA:85,2
DA:88,3
DA:91,1
DA:92,2
DA:96,2
DA:99,4
DA:100,2
DA:104,2
DA:105,2
DA:107,2
DA:108,6
DA:109,2
DA:110,2
DA:116,2
DA:117,2
DA:118,6
DA:119,6
DA:120,6
DA:121,6
DA:122,6
DA:123,6
DA:124,6
DA:126,2
LF:46
LH:46
end_of_record
SF:lib/src/core/error/cf_result.dart
DA:27,18
DA:37,2
DA:38,18
DA:39,18
DA:40,18
DA:43,1
DA:49,1
DA:51,1
DA:57,6
DA:58,9
DA:60,12
DA:61,12
DA:62,12
DA:64,8
DA:66,6
DA:68,6
DA:70,2
DA:77,23
DA:79,23
DA:81,2
DA:87,23
DA:89,21
DA:91,21
DA:93,21
DA:95,19
DA:102,1
DA:104,7
DA:118,35
DA:136,35
DA:137,35
DA:140,30
DA:150,23
DA:153,30
DA:155,20
DA:159,20
DA:162,27
DA:166,27
DA:171,30
DA:174,30
DA:176,12
DA:185,30
DA:191,1
DA:196,2
DA:198,1
DA:203,90
DA:206,78
DA:209,2
DA:212,32
DA:215,36
DA:217,18
DA:218,18
DA:220,18
DA:221,18
DA:222,18
DA:223,18
DA:227,1
DA:228,1
DA:229,1
DA:231,2
DA:236,2
DA:237,6
DA:241,1
DA:242,1
DA:244,3
DA:246,1
DA:247,1
DA:253,1
DA:254,1
DA:255,1
DA:256,1
DA:257,1
DA:258,1
DA:259,1
DA:265,1
DA:266,1
DA:268,2
DA:270,0
DA:271,0
DA:277,1
DA:278,1
DA:279,1
DA:280,1
DA:281,1
DA:282,1
DA:283,1
DA:289,1
DA:290,2
DA:292,2
DA:295,3
DA:302,1
DA:303,2
DA:305,2
DA:308,3
DA:315,1
DA:316,2
DA:318,2
DA:319,1
DA:321,1
DA:322,1
DA:332,1
DA:333,1
DA:335,2
DA:336,1
DA:338,1
DA:339,1
DA:345,1
DA:346,1
DA:347,1
DA:348,1
DA:349,1
DA:350,1
DA:351,1
DA:357,1
DA:359,1
DA:361,2
DA:363,1
DA:364,1
DA:370,1
DA:371,1
DA:372,1
DA:373,1
DA:374,1
DA:375,1
DA:376,1
DA:382,1
DA:387,2
DA:389,1
DA:390,3
DA:392,1
DA:393,1
DA:400,2
DA:401,2
DA:404,1
DA:405,3
DA:411,1
DA:412,1
DA:413,1
DA:414,1
DA:415,1
DA:416,1
DA:417,1
DA:420,0
DA:430,1
DA:432,1
DA:433,2
DA:435,2
DA:440,1
DA:443,1
DA:444,3
DA:445,3
DA:446,3
DA:447,3
DA:450,1
DA:451,5
DA:458,1
DA:460,0
DA:461,0
LF:157
LH:152
end_of_record
SF:lib/src/network/connection/connection_information.dart
DA:12,17
DA:21,1
DA:22,2
DA:23,2
DA:24,1
DA:25,2
LF:6
LH:6
end_of_record
SF:lib/src/network/connection/connection_status.dart
DA:19,1
DA:21,1
DA:23,1
DA:25,1
DA:27,1
DA:33,1
DA:34,1
DA:35,1
DA:37,1
DA:39,1
DA:41,1
LF:11
LH:11
end_of_record
SF:lib/src/network/connection/connection_status_listener.dart
DA:28,1
LF:1
LH:1
end_of_record
SF:lib/src/analytics/event/event_type.dart
DA:7,7
DA:9,7
DA:18,8
DA:19,8
DA:20,8
LF:5
LH:5
end_of_record
SF:lib/src/analytics/event/event_queue.dart
DA:19,12
DA:28,4
DA:29,8
DA:30,4
DA:36,3
DA:37,6
DA:38,3
DA:42,2
DA:43,6
DA:44,4
DA:45,4
DA:50,3
DA:51,3
DA:52,15
DA:54,6
DA:55,9
DA:62,36
DA:65,36
DA:68,2
DA:69,4
DA:73,4
DA:74,8
DA:80,4
DA:81,16
DA:82,2
DA:84,8
DA:85,6
DA:88,2
DA:89,2
DA:90,6
DA:93,2
DA:95,4
DA:97,2
LF:33
LH:33
end_of_record
SF:lib/src/constants/cf_constants.dart
DA:12,0
DA:50,108
DA:100,1
DA:101,1
DA:102,1
DA:104,1
DA:106,1
DA:108,1
DA:110,1
DA:112,1
DA:120,1
DA:121,5
DA:127,108
DA:130,3
DA:132,3
DA:134,2
DA:140,3
DA:142,3
DA:144,2
DA:150,1
DA:153,1
DA:154,1
DA:155,1
DA:156,1
DA:181,108
DA:204,108
DA:224,108
DA:242,108
DA:256,108
DA:279,108
DA:293,108
DA:310,108
DA:349,108
LF:33
LH:32
end_of_record
SF:lib/src/core/error/error_handler.dart
DA:24,35
DA:37,105
DA:41,26
DA:48,26
DA:49,26
DA:50,26
DA:53,52
DA:54,78
DA:55,52
DA:57,26
DA:58,26
DA:59,20
DA:60,20
DA:61,10
DA:64,26
DA:75,26
DA:81,26
DA:87,26
DA:91,28
DA:98,28
DA:99,28
DA:102,28
DA:103,84
DA:104,56
DA:106,28
DA:107,28
DA:108,12
DA:109,12
DA:110,6
DA:113,28
DA:123,28
DA:129,28
DA:138,1
DA:143,1
DA:144,1
DA:148,1
DA:152,1
DA:153,1
DA:157,3
DA:161,26
DA:162,26
DA:163,26
DA:164,52
DA:166,104
DA:169,26
DA:173,35
DA:180,35
DA:181,35
DA:184,35
DA:187,35
DA:188,14
DA:193,34
DA:196,34
DA:199,34
DA:202,33
DA:205,33
DA:208,33
DA:211,33
DA:214,33
DA:217,33
DA:220,33
DA:223,33
DA:226,33
DA:229,33
DA:238,35
DA:241,35
DA:246,0
DA:247,0
DA:249,0
DA:250,0
DA:252,0
DA:253,0
DA:255,0
DA:256,0
DA:262,35
DA:265,70
LF:76
LH:68
end_of_record
SF:lib/src/core/error/error_severity.dart
DA:20,1
DA:22,1
DA:24,1
DA:26,1
DA:28,1
DA:34,1
DA:35,1
DA:36,1
DA:38,1
DA:40,1
DA:42,1
LF:11
LH:11
end_of_record
SF:lib/src/core/error/error_category.dart
DA:67,108
DA:69,36
DA:70,36
DA:73,1
DA:74,1
DA:75,1
DA:77,1
DA:79,1
DA:81,1
DA:83,1
DA:85,1
DA:87,1
DA:89,1
DA:91,1
DA:93,1
DA:95,1
DA:97,1
DA:99,1
DA:101,1
DA:103,1
DA:105,1
DA:107,1
DA:109,1
LF:23
LH:23
end_of_record
SF:lib/src/core/util/retry_util.dart
DA:19,9
DA:31,9
DA:33,9
DA:35,14
DA:37,8
DA:40,6
DA:41,5
DA:42,5
DA:46,6
DA:47,12
DA:48,12
DA:49,12
DA:50,6
DA:57,1
DA:61,1
DA:70,1
DA:79,2
DA:90,1
DA:97,2
DA:98,1
DA:99,1
DA:101,1
DA:102,1
DA:108,2
DA:118,1
DA:124,1
DA:127,3
DA:128,1
DA:130,2
DA:132,1
DA:137,3
DA:138,1
DA:139,1
DA:140,1
DA:142,2
DA:143,1
DA:144,1
DA:145,2
DA:146,1
DA:150,1
DA:152,0
DA:164,6
DA:171,6
DA:174,6
DA:182,1
DA:187,2
DA:189,1
DA:190,3
DA:192,1
DA:193,1
DA:194,1
DA:196,2
DA:201,3
DA:202,2
DA:211,1
DA:215,1
DA:217,2
DA:218,2
DA:221,1
DA:225,1
DA:228,1
DA:229,1
DA:234,2
DA:245,1
DA:248,1
DA:252,2
DA:253,2
DA:255,2
DA:256,2
DA:258,1
DA:259,2
DA:260,1
DA:263,3
DA:265,3
DA:267,1
DA:268,5
LF:76
LH:75
end_of_record
SF:lib/src/analytics/event/persistent_event_queue.dart
DA:31,11
DA:36,11
DA:40,11
DA:44,17
DA:47,12
DA:50,0
DA:51,0
DA:53,0
DA:54,0
DA:55,0
DA:59,11
DA:62,3
DA:64,3
DA:66,3
DA:67,2
DA:69,3
DA:73,2
DA:75,2
DA:77,6
DA:78,1
DA:80,2
DA:84,1
DA:86,1
DA:87,1
DA:88,1
DA:93,2
DA:95,2
DA:96,2
DA:97,2
DA:102,1
DA:104,1
DA:105,1
DA:109,3
DA:111,3
DA:119,9
DA:120,6
DA:121,6
DA:122,6
DA:128,3
DA:129,3
DA:132,6
DA:135,8
DA:136,2
DA:137,2
DA:143,2
DA:144,3
DA:145,2
DA:149,11
DA:153,11
DA:154,0
DA:161,22
DA:162,12
DA:165,21
DA:168,0
DA:169,0
DA:171,0
DA:174,1
DA:175,1
DA:176,1
DA:177,1
DA:182,2
DA:184,1
DA:185,1
DA:186,1
DA:187,2
DA:192,1
DA:193,1
DA:194,1
DA:199,1
DA:203,2
DA:204,1
DA:205,2
DA:206,1
DA:208,1
DA:209,2
DA:212,0
DA:213,0
DA:217,1
DA:218,1
DA:219,2
DA:220,1
DA:221,2
DA:223,1
DA:224,2
DA:226,1
DA:227,2
DA:232,2
DA:233,2
DA:235,3
DA:238,0
DA:239,0
DA:240,0
DA:243,1
DA:244,0
DA:245,1
DA:246,2
DA:247,1
DA:249,0
DA:251,0
DA:256,1
DA:258,1
DA:265,2
DA:266,2
DA:272,2
DA:273,2
DA:274,2
DA:275,2
DA:276,2
DA:281,1
DA:282,2
DA:283,1
DA:284,1
DA:286,4
DA:294,3
DA:296,3
DA:297,2
DA:301,3
DA:302,3
DA:306,6
DA:308,3
DA:309,4
DA:310,1
DA:311,1
DA:317,9
DA:318,2
DA:323,6
DA:324,0
DA:328,12
DA:329,3
DA:332,3
DA:333,0
DA:339,6
DA:341,2
DA:343,6
DA:344,3
DA:347,0
DA:348,0
DA:349,0
DA:350,0
DA:354,6
DA:355,3
DA:356,6
DA:358,0
DA:360,0
DA:361,0
DA:363,0
DA:365,3
DA:370,1
DA:372,1
DA:373,0
DA:378,2
DA:379,2
DA:381,3
DA:384,0
DA:385,0
DA:386,0
DA:388,1
DA:389,0
DA:390,0
DA:393,0
DA:398,11
DA:399,12
DA:400,22
DA:401,3
DA:406,11
DA:407,14
DA:408,11
DA:409,11
LF:168
LH:134
end_of_record
SF:lib/src/analytics/summary/cf_config_request_summary.dart
DA:19,2
DA:24,4
DA:38,1
DA:43,1
DA:44,1
DA:45,1
DA:46,1
DA:47,3
DA:48,1
DA:51,1
DA:52,1
DA:53,1
DA:58,3
DA:59,3
DA:60,3
DA:61,3
DA:62,3
DA:63,3
DA:64,3
DA:65,3
DA:66,3
DA:67,3
DA:68,3
DA:69,3
DA:70,3
DA:72,6
DA:77,3
DA:80,1
DA:81,1
DA:82,1
DA:83,1
DA:84,1
DA:85,1
DA:86,1
DA:87,1
DA:88,1
DA:89,1
DA:90,1
DA:91,1
DA:96,1
DA:97,4
DA:100,1
DA:102,4
DA:105,1
DA:106,1
DA:107,3
DA:108,3
DA:109,3
DA:110,3
DA:111,3
DA:112,3
DA:113,3
DA:115,1
LF:53
LH:53
end_of_record
SF:lib/src/network/http_client.dart
DA:37,1
DA:38,5
DA:40,2
DA:41,1
DA:42,1
DA:43,1
DA:44,1
DA:45,1
DA:46,2
DA:59,12
DA:60,12
DA:61,12
DA:62,12
DA:66,2
DA:68,2
DA:69,2
DA:72,6
DA:73,2
DA:74,2
DA:77,12
DA:78,36
DA:79,24
DA:80,24
DA:81,12
DA:95,5
DA:98,12
DA:99,12
DA:101,12
DA:102,36
DA:104,24
DA:105,10
DA:109,12
DA:110,24
DA:116,4
DA:117,2
DA:118,2
DA:119,0
DA:122,0
DA:123,0
DA:124,0
DA:129,0
DA:130,0
DA:131,0
DA:134,0
DA:137,0
DA:138,0
DA:139,0
DA:142,0
DA:143,0
DA:158,12
DA:163,36
DA:164,12
DA:165,5
DA:167,10
DA:168,20
DA:170,5
DA:175,10
DA:176,10
DA:178,5
DA:180,5
DA:182,5
DA:183,10
DA:184,10
DA:186,0
DA:187,0
DA:188,0
DA:190,0
DA:193,15
DA:194,2
DA:195,8
DA:197,5
DA:199,5
DA:201,5
DA:203,15
DA:204,25
DA:206,5
DA:209,15
DA:210,15
DA:211,0
DA:212,0
DA:213,0
DA:214,0
DA:215,0
DA:216,0
DA:217,0
DA:218,0
DA:223,15
DA:225,15
DA:226,10
DA:227,0
DA:228,0
DA:230,0
DA:233,0
DA:237,5
DA:238,0
DA:242,5
DA:244,5
DA:245,20
DA:248,5
DA:250,5
DA:257,1
DA:259,2
DA:260,1
DA:261,4
DA:262,2
DA:266,1
DA:268,2
DA:269,1
DA:270,4
DA:271,2
DA:275,5
DA:278,5
DA:279,5
DA:280,5
DA:281,5
DA:285,5
DA:291,5
DA:299,1
DA:300,1
DA:301,1
DA:304,2
DA:305,1
DA:308,5
DA:311,5
DA:312,15
DA:315,10
DA:318,2
DA:320,2
DA:321,1
DA:322,1
DA:327,2
DA:328,1
DA:329,1
DA:330,1
DA:331,1
DA:332,2
DA:335,1
DA:337,2
DA:338,2
DA:339,2
DA:341,1
DA:344,1
DA:345,1
DA:346,1
DA:351,15
DA:352,5
DA:353,10
DA:354,5
DA:355,10
DA:359,5
DA:364,1
DA:366,1
DA:367,2
DA:368,1
DA:372,1
DA:375,2
DA:376,2
DA:377,1
DA:378,1
DA:380,1
DA:382,1
DA:383,2
DA:384,1
DA:388,1
DA:391,2
DA:392,2
DA:393,2
DA:395,1
DA:398,1
DA:399,1
DA:400,1
DA:403,1
DA:406,3
DA:407,1
DA:408,2
DA:409,1
DA:410,2
DA:414,1
DA:419,1
DA:420,1
DA:421,2
DA:422,1
DA:423,1
DA:427,1
DA:428,1
DA:429,1
DA:430,1
DA:436,1
DA:438,1
DA:441,1
DA:442,0
DA:443,0
DA:444,0
DA:445,0
DA:446,2
DA:447,0
DA:448,0
DA:449,0
DA:450,0
DA:452,2
DA:453,1
DA:454,2
DA:457,2
DA:460,2
DA:461,2
DA:465,2
DA:468,1
DA:469,0
DA:470,2
DA:471,0
DA:475,1
DA:477,0
DA:480,0
DA:481,0
DA:482,0
DA:483,0
DA:484,0
DA:485,0
DA:489,0
DA:490,0
DA:491,0
DA:493,0
DA:497,0
DA:500,0
DA:501,0
DA:502,0
DA:505,0
DA:508,0
DA:509,0
DA:510,0
DA:511,0
DA:515,0
DA:516,0
DA:521,0
DA:522,0
DA:523,0
DA:524,0
DA:525,0
DA:527,0
DA:531,0
DA:534,0
DA:535,0
DA:537,0
DA:539,0
DA:543,0
DA:546,0
DA:550,0
DA:553,0
DA:554,0
DA:555,0
DA:559,0
DA:561,0
DA:565,0
DA:570,2
DA:577,2
DA:578,4
DA:580,2
DA:581,2
DA:585,2
DA:586,2
DA:587,2
DA:588,2
DA:594,2
DA:604,4
DA:605,2
DA:609,4
DA:612,4
DA:614,2
DA:617,2
DA:621,0
DA:623,0
DA:625,0
DA:629,4
DA:633,2
DA:636,4
DA:637,4
DA:638,4
DA:641,0
DA:643,0
DA:647,2
DA:649,4
DA:650,4
DA:653,6
DA:654,0
DA:655,0
DA:656,0
DA:657,0
DA:658,0
DA:660,0
DA:661,0
DA:663,0
DA:667,6
DA:668,1
DA:669,2
DA:670,3
DA:671,2
DA:672,2
DA:674,1
DA:675,2
DA:677,1
DA:681,6
DA:682,4
DA:684,0
DA:685,0
DA:688,0
DA:689,0
DA:690,0
DA:691,0
DA:692,0
DA:693,0
DA:695,0
DA:696,0
DA:698,0
DA:702,4
DA:704,4
DA:707,2
DA:708,4
DA:709,2
DA:710,2
DA:713,2
DA:716,2
DA:717,1
DA:720,3
DA:722,3
DA:726,2
DA:727,2
DA:732,2
DA:733,3
DA:734,2
DA:735,0
DA:736,0
DA:738,0
DA:742,0
DA:745,1
DA:748,2
DA:749,2
DA:751,2
DA:752,2
DA:755,1
DA:756,1
DA:757,2
DA:758,2
DA:759,2
DA:760,4
DA:762,1
DA:763,2
DA:765,1
DA:769,1
DA:771,2
DA:774,1
DA:775,2
DA:776,1
DA:780,1
DA:783,0
DA:784,0
DA:785,0
DA:786,0
DA:790,0
DA:795,1
DA:801,1
DA:802,2
DA:804,1
DA:808,1
DA:814,1
DA:816,1
DA:821,2
DA:827,2
DA:829,1
DA:832,1
DA:833,1
DA:838,2
DA:844,2
DA:845,3
DA:847,2
DA:849,1
DA:850,2
DA:851,1
DA:854,1
DA:858,3
DA:859,1
DA:861,3
DA:863,1
DA:864,1
DA:865,2
DA:869,1
DA:874,1
DA:876,2
DA:880,5
DA:882,15
DA:883,15
DA:885,10
DA:886,15
DA:887,5
DA:888,5
DA:889,5
DA:890,0
DA:891,5
DA:892,15
DA:895,15
DA:899,0
DA:900,0
DA:905,2
DA:907,2
DA:909,2
DA:910,2
DA:911,1
DA:913,1
DA:916,0
DA:921,0
DA:923,0
DA:929,5
DA:930,5
DA:931,5
DA:932,5
DA:933,5
DA:934,5
DA:936,5
DA:938,1
DA:939,2
DA:940,1
DA:941,1
DA:942,1
DA:943,1
DA:945,1
DA:946,1
DA:948,1
DA:949,1
DA:954,1
DA:955,0
DA:956,0
DA:958,0
DA:959,0
DA:963,1
DA:967,5
DA:969,5
DA:970,5
DA:971,15
DA:975,1
DA:977,1
DA:985,1
DA:992,2
DA:995,1
DA:998,2
DA:999,2
DA:1001,2
DA:1003,1
DA:1004,2
DA:1005,1
DA:1011,1
DA:1012,1
DA:1013,2
DA:1022,1
DA:1030,2
DA:1034,1
DA:1037,4
DA:1038,2
DA:1040,2
DA:1042,1
DA:1043,2
DA:1044,1
DA:1050,1
DA:1051,1
DA:1052,2
DA:1061,0
DA:1063,0
DA:1067,0
DA:1069,0
DA:1070,0
DA:1073,0
DA:1077,5
DA:1080,5
DA:1081,10
DA:1082,5
DA:1086,5
DA:1090,5
DA:1091,5
DA:1096,10
DA:1098,10
DA:1100,1
DA:1103,10
DA:1104,15
DA:1106,10
DA:1108,5
DA:1109,10
DA:1110,5
DA:1113,5
DA:1116,3
DA:1117,1
DA:1118,1
DA:1119,2
DA:1123,1
LF:491
LH:360
end_of_record
SF:lib/src/core/util/config_cache.dart
DA:13,114
DA:89,6
DA:97,12
DA:101,12
DA:102,18
DA:105,6
DA:113,12
DA:114,12
DA:115,12
DA:116,6
DA:117,6
DA:121,6
DA:123,6
DA:126,6
DA:129,6
DA:130,6
DA:133,6
DA:134,6
DA:137,6
DA:138,18
DA:142,0
DA:151,14
DA:155,28
DA:156,28
DA:157,28
DA:160,1
DA:161,2
DA:164,1
DA:165,1
DA:166,1
DA:168,1
DA:169,2
DA:170,1
DA:178,1
DA:182,14
DA:185,14
DA:186,14
DA:189,7
DA:191,7
DA:192,14
DA:193,14
DA:194,14
DA:199,7
DA:200,7
DA:203,0
DA:205,0
DA:206,0
DA:207,0
DA:210,14
DA:211,0
DA:213,0
DA:214,0
DA:215,0
DA:218,7
DA:219,7
DA:221,7
DA:222,7
DA:223,7
DA:226,14
DA:227,7
DA:231,1
DA:232,1
DA:233,1
DA:237,14
DA:238,14
DA:239,14
DA:240,7
DA:241,7
DA:244,7
DA:245,14
DA:247,7
DA:248,7
DA:250,2
DA:252,1
DA:253,1
DA:254,1
DA:257,0
DA:261,0
DA:262,0
DA:264,0
DA:265,0
DA:266,0
DA:270,0
DA:271,0
DA:276,1
DA:279,2
DA:280,2
DA:281,2
DA:282,1
DA:283,1
DA:287,1
DA:288,1
DA:289,1
DA:291,1
DA:294,0
DA:300,6
DA:301,6
DA:303,8
DA:304,2
DA:305,2
DA:307,4
DA:314,2
DA:315,2
DA:316,2
DA:317,2
DA:318,6
DA:319,2
DA:320,1
DA:322,1
DA:323,1
DA:324,1
DA:334,14
DA:337,28
DA:341,14
DA:342,14
DA:352,14
LF:116
LH:98
end_of_record
SF:lib/src/core/model/sdk_settings.dart
DA:10,8
DA:16,6
DA:17,6
DA:18,6
DA:19,6
DA:20,18
DA:24,1
DA:25,1
DA:26,1
DA:27,1
DA:28,1
DA:32,1
DA:37,1
DA:38,1
DA:39,1
DA:40,1
DA:44,2
DA:52,1
DA:53,1
DA:57,1
DA:58,1
DA:62,1
DA:63,1
DA:67,1
DA:68,1
DA:69,1
DA:70,1
DA:71,1
LF:28
LH:28
end_of_record
SF:lib/src/platform/device_info_detector.dart
DA:13,0
DA:14,0
DA:21,4
DA:23,4
DA:24,0
DA:25,4
DA:26,0
DA:28,0
DA:31,4
DA:34,0
DA:35,0
DA:40,0
DA:41,0
DA:42,0
DA:43,0
DA:46,0
DA:48,0
DA:50,0
DA:52,0
DA:56,0
DA:57,0
DA:58,0
DA:60,0
DA:61,0
DA:62,0
DA:63,0
DA:64,0
DA:65,0
DA:66,0
DA:67,0
DA:68,0
DA:75,0
DA:76,0
DA:77,0
DA:78,0
DA:81,0
DA:83,0
DA:87,0
DA:89,0
DA:91,0
DA:92,0
DA:93,0
DA:94,0
DA:95,0
DA:96,0
DA:97,0
DA:98,0
DA:99,0
DA:106,0
DA:107,0
DA:108,0
DA:109,0
DA:112,0
DA:114,0
DA:118,0
DA:119,0
DA:120,0
DA:121,0
DA:122,0
DA:123,0
DA:124,0
DA:125,0
DA:126,0
DA:127,0
DA:128,0
DA:129,0
DA:130,0
DA:137,0
DA:140,0
DA:141,0
DA:142,0
DA:143,0
DA:144,0
DA:151,0
DA:154,0
DA:155,0
DA:156,0
DA:157,0
DA:158,0
DA:165,0
DA:168,0
LF:81
LH:4
end_of_record
SF:lib/src/platform/application_info_detector.dart
DA:13,4
DA:15,4
DA:17,1
DA:18,1
DA:19,1
DA:20,1
DA:21,2
DA:24,9
DA:30,1
DA:31,1
DA:32,1
DA:33,1
DA:34,1
DA:35,1
DA:36,2
DA:37,1
DA:38,1
DA:39,1
DA:40,1
LF:19
LH:19
end_of_record
SF:lib/src/core/model/evaluation_context.dart
DA:21,16
DA:30,2
DA:31,2
DA:32,2
DA:33,12
DA:34,1
DA:36,2
DA:37,2
DA:38,4
DA:39,2
DA:40,2
DA:41,1
DA:42,2
DA:47,2
DA:48,2
DA:49,10
DA:50,4
DA:51,4
DA:52,4
DA:53,4
LF:20
LH:20
end_of_record
SF:lib/src/core/model/context_type.dart
DA:22,1
DA:24,1
DA:26,1
DA:28,1
DA:30,1
DA:32,1
DA:34,1
DA:40,1
DA:41,1
DA:42,1
DA:44,1
DA:46,1
DA:48,1
DA:50,1
DA:52,1
LF:15
LH:15
end_of_record
SF:lib/src/core/model/device_context.dart
DA:51,7
DA:70,1
DA:71,1
DA:72,1
DA:73,1
DA:74,1
DA:75,2
DA:80,2
DA:81,2
DA:82,2
DA:83,2
DA:84,2
DA:85,2
DA:86,2
DA:87,2
DA:88,2
DA:89,2
DA:90,2
DA:91,3
DA:92,3
DA:93,3
DA:94,2
DA:95,2
DA:97,4
DA:102,3
DA:103,3
DA:104,3
DA:105,3
DA:106,3
DA:107,3
DA:108,3
DA:109,3
DA:110,3
DA:111,3
DA:112,3
DA:113,3
DA:114,3
DA:115,3
DA:116,3
DA:117,3
DA:118,3
DA:121,6
DA:125,6
DA:128,4
LF:44
LH:44
end_of_record
SF:lib/src/core/model/application_info.dart
DA:33,7
DA:46,2
DA:47,2
DA:48,2
DA:50,4
DA:51,2
DA:53,2
DA:54,2
DA:55,2
DA:56,2
DA:57,3
DA:58,2
DA:59,2
DA:60,2
DA:61,3
DA:67,1
DA:69,1
DA:70,1
DA:71,1
DA:72,1
DA:73,2
DA:80,2
DA:81,2
DA:82,2
DA:83,2
DA:84,2
DA:85,2
DA:86,2
DA:87,2
DA:88,2
DA:89,2
DA:90,2
DA:93,4
DA:97,2
DA:100,4
LF:35
LH:35
end_of_record
SF:lib/src/core/error/cf_error_code.dart
DA:12,108
DA:178,10
DA:180,10
DA:182,6
DA:184,6
DA:186,6
DA:188,6
DA:190,6
DA:192,6
DA:194,6
DA:196,6
DA:198,6
DA:200,6
DA:202,6
DA:204,5
DA:212,19
DA:216,0
DA:217,0
DA:221,38
DA:226,38
DA:229,37
DA:234,18
DA:242,31
DA:250,62
DA:255,62
DA:259,62
DA:262,31
DA:267,58
DA:275,1
DA:276,3
DA:278,9
DA:281,3
DA:282,9
DA:283,9
DA:285,7
DA:286,14
LF:36
LH:34
end_of_record
SF:lib/src/core/model/private_attributes_request.dart
DA:13,3
DA:20,2
DA:21,2
DA:22,2
DA:23,4
DA:24,2
DA:25,1
DA:26,3
DA:27,2
DA:28,4
DA:29,2
DA:35,1
DA:36,1
DA:37,1
DA:38,1
DA:39,2
LF:16
LH:16
end_of_record
SF:lib/src/core/session/session_manager.dart
DA:43,162
DA:53,9
DA:54,9
DA:55,9
DA:56,9
DA:57,9
DA:58,9
DA:59,9
DA:60,9
DA:61,9
DA:76,10
DA:84,9
DA:91,9
DA:92,9
DA:93,9
DA:94,0
DA:95,9
DA:96,9
DA:100,9
DA:101,9
DA:102,9
DA:103,9
DA:104,9
DA:105,9
DA:106,9
DA:110,2
DA:111,2
DA:112,2
DA:113,2
DA:114,2
DA:115,2
DA:116,2
DA:120,27
DA:122,2
DA:123,4
DA:176,9
DA:180,2
DA:182,2
DA:186,1
DA:189,1
DA:190,1
DA:192,0
DA:199,9
DA:202,9
DA:203,9
DA:208,27
DA:210,9
DA:211,9
DA:216,4
DA:217,2
DA:218,2
DA:226,1
DA:231,13
DA:233,18
DA:234,9
DA:251,9
DA:254,9
DA:259,15
DA:262,6
DA:265,0
DA:269,9
DA:270,9
DA:273,9
DA:274,8
DA:276,18
DA:278,9
DA:279,9
DA:282,2
DA:289,9
DA:290,9
DA:291,18
DA:294,0
DA:295,0
DA:297,0
DA:302,0
DA:306,0
DA:307,0
DA:309,0
DA:310,0
DA:317,1
DA:318,1
DA:322,9
DA:323,9
DA:326,9
DA:329,18
DA:330,9
DA:331,0
DA:334,18
DA:335,9
DA:340,1
DA:341,2
DA:342,2
DA:343,3
DA:347,9
DA:348,9
DA:350,20
DA:352,9
DA:353,9
DA:356,27
DA:357,0
DA:360,9
DA:363,9
DA:367,1
DA:368,2
DA:369,2
DA:370,1
DA:375,0
DA:376,0
DA:382,1
DA:383,1
DA:384,2
DA:388,9
DA:389,18
DA:393,9
DA:394,18
DA:398,1
DA:399,1
DA:400,1
DA:402,1
DA:404,1
DA:405,2
DA:406,2
DA:407,1
DA:408,2
DA:409,2
DA:415,2
DA:416,2
DA:417,2
DA:419,2
DA:420,4
DA:421,2
DA:422,4
DA:423,6
DA:425,1
DA:429,9
DA:430,10
DA:431,9
DA:432,9
DA:434,18
DA:439,9
DA:442,9
DA:443,9
DA:445,9
DA:446,18
DA:449,9
DA:451,9
DA:454,9
DA:455,18
DA:456,27
DA:459,2
DA:460,4
DA:461,4
DA:466,6
DA:467,6
DA:470,9
DA:471,9
DA:474,9
DA:477,18
DA:478,9
DA:479,0
DA:482,18
DA:483,9
DA:489,9
DA:490,9
DA:494,9
DA:495,0
DA:497,9
DA:498,18
DA:500,8
DA:501,8
DA:505,2
DA:507,2
DA:508,0
DA:513,4
DA:515,2
DA:519,0
DA:524,9
DA:526,9
DA:527,0
DA:529,9
DA:530,18
DA:532,8
DA:536,9
DA:538,9
DA:539,0
DA:543,18
DA:545,2
DA:549,8
DA:554,1
DA:556,1
DA:557,0
DA:559,1
DA:560,2
DA:562,0
DA:568,9
DA:570,10
DA:572,1
DA:574,2
DA:579,2
DA:580,2
DA:582,0
DA:584,0
DA:589,4
DA:590,8
DA:592,4
DA:594,0
DA:601,9
DA:602,18
LF:208
LH:182
end_of_record
SF:lib/src/core/util/cache_manager.dart
DA:30,6
DA:39,5
DA:40,15
DA:44,2
DA:45,2
DA:46,4
DA:47,6
DA:51,6
DA:52,6
DA:53,35
DA:54,12
DA:55,12
DA:56,6
DA:57,6
DA:62,1
DA:63,1
DA:67,2
DA:68,1
DA:71,1
DA:73,2
DA:74,2
DA:75,1
DA:76,1
DA:77,2
DA:97,113
DA:175,22
DA:178,23
DA:183,22
DA:188,2
DA:193,3
DA:198,17
DA:200,17
DA:201,17
DA:202,17
DA:204,0
DA:209,6
DA:217,12
DA:221,6
DA:223,6
DA:224,18
DA:226,6
DA:235,18
DA:236,12
DA:240,6
DA:243,6
DA:244,6
DA:247,18
DA:250,2
DA:257,6
DA:258,6
DA:261,12
DA:262,18
DA:267,5
DA:269,15
DA:270,5
DA:278,6
DA:279,12
DA:283,1
DA:286,2
DA:288,1
DA:291,0
DA:292,0
DA:296,0
DA:298,0
DA:299,0
DA:306,1
DA:307,1
DA:309,2
DA:311,2
DA:312,1
DA:313,1
DA:314,0
DA:319,3
DA:320,2
DA:324,1
DA:326,3
DA:327,1
DA:334,2
DA:342,1
DA:343,2
DA:347,1
DA:348,2
DA:352,1
DA:353,2
DA:357,1
DA:358,1
DA:361,2
DA:362,3
DA:365,1
DA:371,1
DA:372,2
DA:375,0
DA:377,0
DA:378,0
DA:381,0
DA:388,1
DA:389,1
DA:391,3
DA:392,2
DA:396,1
DA:400,1
DA:401,2
DA:404,1
DA:406,2
DA:409,0
DA:415,19
DA:416,57
DA:417,38
DA:422,19
DA:426,19
DA:427,47
DA:428,19
DA:431,33
DA:432,14
DA:437,19
DA:438,5
DA:439,5
DA:440,5
DA:443,34
DA:448,57
DA:451,2
DA:458,1
DA:465,2
DA:466,1
DA:469,1
DA:478,2
DA:484,1
DA:490,1
DA:493,1
DA:498,2
DA:499,3
DA:505,1
DA:506,2
DA:508,1
DA:509,2
DA:511,1
DA:519,1
DA:523,6
DA:524,12
DA:528,6
DA:529,6
DA:532,12
DA:536,12
DA:537,1
DA:539,1
DA:540,1
DA:541,2
DA:544,2
DA:545,2
DA:546,1
DA:550,12
DA:555,1
DA:557,1
DA:558,3
DA:559,1
DA:560,3
DA:562,0
DA:567,1
DA:569,1
DA:570,3
DA:572,1
DA:573,0
DA:574,0
DA:576,0
DA:577,0
DA:578,0
DA:579,0
DA:580,0
DA:581,0
DA:582,0
DA:586,0
DA:590,2
DA:593,0
DA:599,1
DA:601,1
DA:602,3
DA:603,1
DA:604,1
DA:605,3
DA:608,0
DA:613,19
DA:614,19
DA:615,15
DA:618,5
DA:619,5
DA:626,17
DA:628,17
DA:629,17
DA:632,9
DA:635,9
DA:636,9
DA:637,18
DA:640,2
DA:645,17
DA:647,17
DA:648,17
DA:652,17
DA:653,45
DA:654,17
DA:659,18
DA:660,1
DA:662,1
DA:664,2
DA:667,1
DA:669,0
DA:672,0
DA:673,0
DA:676,0
DA:677,0
DA:683,17
DA:685,34
DA:686,17
DA:689,34
DA:691,0
DA:696,16
DA:698,48
DA:699,16
DA:700,32
DA:704,33
DA:706,4
DA:707,2
DA:708,4
DA:709,2
DA:710,1
DA:713,0
DA:717,16
DA:718,16
DA:719,16
DA:720,48
DA:721,48
DA:726,0
DA:727,0
DA:738,2
DA:740,6
DA:741,4
DA:745,2
DA:749,2
DA:750,4
DA:751,2
DA:755,3
DA:756,1
DA:757,0
DA:762,2
DA:763,1
DA:764,1
DA:765,1
DA:768,2
DA:773,2
DA:774,0
DA:775,0
DA:778,0
DA:779,0
DA:781,0
DA:786,6
DA:787,2
DA:789,0
DA:790,0
DA:791,0
DA:795,0
DA:797,0
DA:804,2
DA:811,4
DA:812,2
DA:815,2
DA:823,0
DA:827,0
DA:834,2
DA:836,2
DA:837,1
DA:838,2
DA:842,1
DA:845,1
DA:852,2
DA:859,2
DA:862,2
DA:867,2
DA:868,3
DA:873,1
DA:874,2
DA:876,1
DA:877,0
DA:879,0
DA:883,1
DA:887,2
DA:896,0
DA:897,0
DA:898,0
DA:902,0
DA:905,0
DA:912,2
DA:915,2
DA:918,4
DA:919,6
DA:924,1
DA:927,3
DA:928,1
DA:929,2
DA:933,1
DA:937,1
DA:939,2
DA:947,2
DA:948,4
DA:952,0
DA:955,0
DA:957,0
DA:958,0
DA:959,0
DA:962,0
DA:963,0
DA:967,0
DA:969,0
DA:970,0
DA:971,0
DA:975,0
DA:979,0
DA:981,0
DA:991,0
DA:992,0
DA:994,0
DA:996,0
DA:997,0
DA:998,0
DA:999,0
DA:1004,0
DA:1005,0
DA:1009,0
DA:1010,0
DA:1011,0
DA:1012,0
DA:1016,0
DA:1020,0
DA:1022,0
DA:1032,2
DA:1036,2
DA:1042,0
DA:1043,0
DA:1044,0
DA:1048,0
DA:1051,0
DA:1058,0
DA:1060,0
DA:1061,0
DA:1063,0
DA:1064,0
DA:1065,0
DA:1067,0
DA:1068,0
DA:1069,0
DA:1070,0
DA:1071,0
DA:1072,0
DA:1073,0
DA:1077,0
DA:1078,0
DA:1081,0
DA:1085,0
DA:1088,0
DA:1092,0
DA:1093,0
DA:1094,0
DA:1098,0
DA:1101,0
LF:362
LH:250
end_of_record
SF:lib/src/core/util/synchronization.dart
DA:11,21
DA:13,21
DA:14,21
DA:19,10
DA:20,20
DA:21,10
DA:25,21
DA:26,21
DA:27,1
DA:30,42
DA:31,21
DA:34,20
DA:35,10
DA:40,2
DA:43,13
DA:44,13
DA:46,13
DA:48,13
DA:53,9
DA:54,9
DA:56,9
DA:58,9
DA:71,22
DA:73,66
DA:74,44
DA:79,2
DA:80,4
DA:81,2
DA:85,22
DA:86,44
DA:87,1
DA:90,44
DA:91,22
DA:95,21
DA:97,63
DA:98,21
DA:103,8
DA:104,16
DA:105,8
DA:109,21
DA:110,21
DA:111,1
DA:114,21
DA:115,21
DA:119,22
DA:121,68
DA:122,8
DA:123,16
DA:124,8
DA:129,46
DA:130,4
DA:131,4
DA:132,4
DA:133,2
DA:139,22
DA:140,22
DA:142,22
DA:144,22
DA:149,21
DA:150,21
DA:152,21
DA:154,21
DA:167,1
DA:168,1
DA:171,2
DA:172,2
DA:177,2
DA:178,1
DA:179,1
DA:183,1
DA:184,3
DA:185,1
DA:188,2
DA:189,2
DA:190,1
DA:191,2
DA:196,1
DA:197,1
DA:199,1
DA:201,1
DA:207,27
DA:208,39
DA:212,9
DA:214,36
DA:217,9
DA:221,13
DA:223,52
DA:226,13
LF:88
LH:88
end_of_record
SF:lib/src/core/util/cache_size_manager.dart
DA:16,20
DA:18,40
DA:21,14
DA:22,14
DA:26,14
DA:27,42
DA:28,28
DA:31,14
DA:35,7
DA:36,21
DA:40,1
DA:41,3
DA:45,7
DA:48,7
DA:49,14
DA:52,14
DA:53,28
DA:56,14
DA:57,14
DA:59,28
DA:62,21
DA:64,1
DA:67,4
DA:72,2
DA:73,4
DA:74,8
DA:75,4
DA:76,8
DA:81,14
DA:82,42
DA:86,1
DA:87,1
DA:91,6
DA:94,3
DA:98,1
DA:99,1
DA:101,3
DA:102,1
DA:106,2
DA:107,2
DA:108,1
DA:112,2
DA:114,2
DA:116,2
DA:119,2
DA:123,4
DA:127,1
DA:128,1
DA:129,2
DA:130,1
DA:131,1
DA:132,2
DA:133,2
DA:134,5
DA:139,1
DA:140,3
DA:144,1
DA:145,2
DA:149,1
DA:150,4
DA:154,1
DA:155,2
DA:156,1
DA:157,1
DA:167,20
DA:168,20
DA:173,14
DA:174,28
DA:176,28
DA:180,1
DA:181,2
DA:185,1
DA:186,2
DA:190,7
DA:191,14
DA:195,2
DA:196,4
DA:200,1
DA:201,2
DA:208,14
DA:209,14
DA:210,14
LF:82
LH:82
end_of_record
SF:lib/src/core/util/type_conversion_strategy.dart
DA:24,1
DA:29,2
DA:33,2
DA:39,4
DA:41,0
DA:42,0
DA:43,0
DA:47,0
DA:48,0
DA:49,0
DA:50,0
DA:56,3
DA:57,3
DA:59,23
DA:65,3
DA:69,2
DA:76,3
DA:78,3
DA:79,3
DA:81,3
DA:83,3
DA:84,3
DA:87,3
DA:91,2
DA:92,6
DA:93,4
DA:95,2
DA:96,2
DA:99,2
DA:103,0
DA:104,0
DA:107,0
DA:110,0
DA:111,0
DA:112,0
DA:116,0
DA:117,0
DA:118,0
DA:124,3
DA:125,3
DA:127,23
DA:133,3
DA:137,0
DA:144,3
DA:146,3
DA:147,3
DA:149,3
DA:151,2
DA:152,2
DA:155,2
DA:159,6
DA:161,0
DA:162,0
DA:165,0
DA:168,0
DA:169,0
DA:170,0
DA:174,0
DA:175,0
DA:176,0
DA:182,3
DA:183,3
DA:185,23
DA:191,3
DA:195,0
DA:202,3
DA:204,3
DA:205,3
DA:206,6
DA:207,3
DA:208,5
DA:209,3
DA:211,2
DA:212,2
DA:215,2
DA:219,6
DA:221,0
DA:222,0
DA:225,0
DA:228,0
DA:229,0
DA:230,0
DA:234,0
DA:235,0
DA:236,0
DA:242,3
DA:243,3
DA:245,23
DA:251,2
DA:255,0
DA:262,2
DA:264,2
DA:265,4
DA:268,6
DA:271,0
DA:272,0
DA:273,0
DA:277,0
DA:278,0
DA:279,0
DA:285,3
DA:287,6
DA:290,23
DA:296,3
DA:300,0
DA:307,3
DA:309,3
DA:310,6
DA:313,9
DA:316,0
DA:317,0
DA:318,0
DA:322,0
DA:323,0
DA:324,0
DA:330,3
DA:332,6
DA:335,23
DA:344,23
DA:346,46
DA:347,46
DA:348,46
DA:349,46
DA:350,46
DA:351,46
DA:355,23
DA:356,46
DA:358,138
DA:359,69
DA:363,2
DA:364,8
DA:365,4
DA:369,6
DA:372,6
DA:373,6
DA:377,6
DA:378,3
DA:379,3
DA:380,9
DA:381,3
DA:382,6
DA:383,6
DA:384,3
DA:386,3
DA:387,6
DA:388,6
DA:389,6
DA:390,6
DA:391,6
DA:397,4
DA:398,2
DA:399,2
DA:402,2
DA:403,2
DA:404,4
DA:405,2
DA:409,4
DA:410,2
DA:411,4
DA:415,2
DA:416,2
DA:417,2
DA:424,1
DA:425,2
DA:429,2
DA:430,8
LF:166
LH:116
end_of_record
SF:lib/src/core/util/circuit_breaker.dart
DA:25,24
DA:26,24
DA:33,8
DA:37,8
DA:39,24
DA:40,16
DA:41,16
DA:42,8
DA:44,16
DA:49,8
DA:52,8
DA:53,5
DA:55,15
DA:59,5
DA:60,10
DA:64,1
DA:65,2
DA:66,3
DA:67,1
DA:72,8
DA:73,8
DA:76,7
DA:78,2
DA:86,8
DA:87,24
DA:88,8
DA:89,8
DA:90,8
DA:91,24
DA:96,7
DA:97,21
DA:98,14
DA:99,7
DA:100,28
DA:102,21
DA:103,5
DA:109,5
DA:110,15
DA:111,25
DA:112,5
DA:113,5
DA:114,20
DA:119,8
DA:120,40
DA:124,5
DA:125,15
DA:126,10
DA:127,10
DA:132,1
DA:133,3
DA:134,1
DA:135,1
DA:136,1
DA:137,3
DA:142,2
DA:143,6
DA:144,4
DA:145,2
DA:153,5
DA:155,4
DA:156,4
LF:61
LH:61
end_of_record
SF:lib/src/core/util/exponential_backoff.dart
DA:17,6
DA:18,6
DA:19,6
DA:20,6
DA:21,6
DA:22,6
DA:23,6
DA:24,6
DA:27,6
DA:34,6
DA:39,6
DA:42,6
DA:47,6
DA:49,6
DA:51,12
DA:52,6
DA:56,6
DA:57,6
DA:60,6
DA:62,6
DA:63,2
DA:64,2
DA:70,6
DA:72,18
DA:75,6
DA:76,18
DA:79,16
DA:80,15
DA:83,10
DA:84,2
DA:85,6
DA:89,18
DA:90,18
DA:97,4
DA:98,4
DA:103,4
DA:104,4
DA:105,8
DA:106,2
DA:108,6
DA:110,2
DA:111,6
DA:114,4
DA:117,0
DA:118,0
DA:119,0
DA:121,2
DA:125,2
DA:126,2
DA:127,8
DA:128,4
DA:132,1
DA:133,1
DA:135,2
DA:136,1
DA:137,1
DA:144,1
DA:147,1
DA:148,1
DA:149,4
DA:150,2
DA:157,1
DA:158,2
DA:164,1
DA:170,1
DA:173,1
LF:66
LH:63
end_of_record
SF:lib/src/di/default_dependency_factory.dart
DA:27,10
DA:29,10
DA:32,10
DA:34,10
DA:37,9
DA:39,9
DA:42,9
DA:48,9
DA:51,10
DA:58,10
DA:65,10
DA:74,10
DA:84,0
DA:90,9
DA:97,9
DA:105,9
DA:107,9
DA:110,1
DA:115,1
DA:122,9
DA:124,9
LF:21
LH:20
end_of_record
SF:lib/src/platform/app_state.dart
DA:21,1
DA:23,1
DA:25,1
DA:27,1
DA:29,1
DA:35,1
DA:36,1
DA:37,1
DA:39,1
DA:41,1
DA:43,1
DA:51,2
DA:53,2
DA:55,2
DA:57,2
DA:59,2
LF:16
LH:16
end_of_record
SF:lib/src/logging/remote_logger.dart
DA:16,1
DA:17,4
DA:18,1
DA:41,0
DA:46,0
DA:61,58
DA:63,0
DA:64,0
DA:65,0
DA:67,0
DA:68,0
DA:69,0
DA:70,0
DA:74,0
DA:79,0
DA:80,0
DA:81,0
DA:84,0
DA:85,0
DA:86,0
DA:88,0
DA:89,0
DA:97,116
DA:105,58
DA:108,1
DA:110,1
DA:112,1
DA:113,2
DA:114,1
DA:115,1
DA:116,2
DA:117,1
DA:118,1
DA:126,58
DA:129,58
DA:130,2
DA:133,0
DA:136,0
DA:138,0
DA:139,0
DA:142,0
DA:145,0
DA:146,0
DA:150,0
DA:153,0
DA:154,0
DA:162,14
DA:164,14
DA:166,1
DA:167,2
DA:168,0
DA:173,0
DA:174,0
DA:178,0
DA:179,0
DA:181,0
DA:182,0
DA:185,0
DA:186,0
DA:194,14
DA:196,14
DA:197,15
DA:198,14
DA:201,14
DA:203,28
DA:204,14
DA:210,0
DA:212,0
DA:215,0
DA:216,0
DA:219,0
DA:220,0
DA:223,0
DA:224,0
DA:226,0
DA:228,0
DA:230,0
DA:231,0
DA:233,0
DA:237,0
DA:240,0
DA:245,0
DA:246,0
DA:247,0
DA:248,0
DA:249,0
DA:250,0
DA:256,0
DA:257,0
DA:262,0
DA:264,0
DA:265,0
DA:266,0
DA:267,0
DA:275,0
DA:276,0
DA:277,0
DA:278,0
DA:279,0
DA:280,0
DA:281,0
DA:283,0
DA:284,0
DA:288,0
DA:289,0
DA:290,0
DA:291,0
DA:292,0
DA:293,0
DA:297,0
DA:301,0
DA:302,0
DA:303,0
DA:305,0
DA:306,0
DA:307,0
DA:309,0
DA:310,0
DA:312,0
DA:313,0
DA:315,0
DA:316,0
DA:320,0
DA:321,0
DA:325,1
DA:326,2
DA:328,2
DA:329,2
DA:330,1
DA:331,0
DA:335,0
DA:339,0
DA:340,0
DA:341,0
DA:343,0
DA:346,0
DA:354,0
DA:355,0
DA:357,0
LF:139
LH:34
end_of_record
SF:lib/src/network/request_deduplicator.dart
DA:17,6
DA:22,12
DA:29,0
DA:30,0
DA:41,6
DA:42,18
DA:45,6
DA:46,6
DA:49,12
DA:54,2
DA:56,2
DA:57,1
DA:58,1
DA:61,1
DA:67,1
DA:68,2
DA:73,3
DA:93,1
DA:101,1
DA:104,1
DA:106,2
DA:109,4
DA:110,1
DA:111,1
DA:115,3
DA:116,5
DA:117,2
DA:118,1
DA:123,1
DA:127,1
DA:128,2
DA:129,2
DA:130,2
DA:131,1
DA:133,1
DA:136,2
DA:137,3
DA:141,4
DA:142,2
DA:143,1
DA:145,2
DA:146,1
DA:150,2
DA:151,1
DA:157,1
DA:158,2
DA:159,1
DA:160,2
DA:161,1
DA:163,2
LF:50
LH:48
end_of_record
SF:lib/src/network/connection/connection_manager.dart
DA:63,1
DA:65,1
DA:68,1
DA:69,1
DA:71,1
DA:72,1
DA:74,1
DA:75,1
DA:76,1
DA:77,1
DA:78,1
DA:79,1
DA:80,1
DA:81,1
DA:84,1
DA:86,2
DA:88,2
DA:90,1
DA:91,2
DA:93,3
DA:98,1
DA:100,2
DA:103,1
DA:105,1
DA:106,1
DA:107,1
DA:109,1
DA:112,1
DA:114,1
DA:115,1
DA:116,3
DA:117,1
DA:120,1
DA:122,2
DA:123,1
DA:124,1
DA:125,1
DA:126,2
DA:127,2
DA:131,1
DA:133,1
DA:134,2
DA:135,1
DA:137,1
DA:140,1
DA:141,3
DA:142,4
DA:143,2
DA:146,1
DA:147,1
DA:148,1
DA:149,1
DA:150,4
DA:151,4
DA:153,3
DA:154,1
DA:155,2
DA:156,1
DA:158,1
DA:163,1
DA:164,2
DA:165,1
DA:166,1
DA:169,1
DA:170,1
DA:171,3
DA:172,1
DA:173,2
DA:174,5
DA:175,1
DA:180,1
DA:182,2
DA:183,2
DA:184,2
DA:187,1
DA:188,2
DA:189,1
DA:190,1
DA:191,3
DA:192,3
DA:194,1
DA:196,3
LF:82
LH:82
end_of_record
SF:lib/src/platform/battery_state.dart
DA:24,2
DA:27,2
DA:32,1
DA:34,1
DA:36,1
DA:44,1
DA:46,1
DA:48,1
DA:50,1
DA:52,1
DA:54,1
DA:60,1
DA:61,1
DA:65,1
DA:66,1
LF:15
LH:15
end_of_record
SF:lib/src/client/cf_client.dart
DA:91,36
DA:101,2
DA:104,2
DA:107,2
DA:110,2
DA:113,12
DA:115,12
DA:119,12
DA:135,12
DA:138,12
DA:139,24
DA:140,12
DA:142,12
DA:144,12
DA:145,24
DA:146,24
DA:147,24
DA:148,24
DA:149,24
DA:150,12
DA:151,12
DA:152,12
DA:154,12
DA:202,12
DA:209,12
DA:211,1
DA:212,1
DA:213,2
DA:217,2
DA:223,24
DA:224,0
DA:229,0
DA:235,48
DA:236,0
DA:241,0
DA:245,36
DA:248,4
DA:255,0
DA:257,0
DA:261,12
DA:263,12
DA:268,6
DA:269,9
DA:272,36
DA:279,24
DA:280,12
DA:286,2
DA:288,1
DA:289,1
DA:298,6
DA:303,11
DA:308,4
DA:313,12
DA:315,12
DA:316,12
DA:320,12
DA:325,10
DA:330,10
DA:334,3
DA:339,3
DA:340,3
DA:341,3
DA:349,3
DA:353,3
DA:355,3
DA:366,1
DA:383,12
DA:384,24
DA:386,12
DA:387,24
DA:389,12
DA:390,24
DA:392,12
DA:393,24
DA:395,12
DA:396,24
DA:398,1
DA:399,2
DA:401,10
DA:402,20
DA:404,12
DA:405,24
DA:407,12
DA:408,24
DA:428,9
DA:431,9
DA:432,9
DA:434,18
DA:437,9
DA:441,18
DA:443,9
DA:444,9
DA:445,9
DA:448,9
DA:451,18
DA:454,9
DA:455,9
DA:456,9
DA:459,18
DA:462,9
DA:463,9
DA:467,18
DA:468,18
DA:469,18
DA:472,9
DA:475,18
DA:476,0
DA:477,0
DA:478,0
DA:479,0
DA:483,9
DA:484,18
DA:490,6
DA:494,6
DA:498,6
DA:501,6
DA:507,6
DA:509,12
DA:517,10
DA:519,6
DA:520,5
DA:521,5
DA:524,5
DA:527,10
DA:530,5
DA:531,5
DA:532,5
DA:535,10
DA:538,5
DA:539,5
DA:543,10
DA:544,10
DA:545,10
DA:548,5
DA:551,10
DA:552,0
DA:553,0
DA:554,0
DA:555,0
DA:559,5
DA:560,10
DA:564,12
DA:566,36
DA:567,36
DA:570,36
DA:573,36
DA:579,36
DA:580,22
DA:581,22
DA:583,22
DA:584,22
DA:586,11
DA:590,12
DA:591,24
DA:592,24
DA:593,12
DA:597,24
DA:598,12
DA:599,12
DA:600,12
DA:601,12
DA:602,12
DA:604,12
DA:605,12
DA:606,12
DA:607,36
DA:609,12
DA:610,12
DA:611,12
DA:612,0
DA:616,12
DA:617,36
DA:618,24
DA:621,24
DA:622,0
DA:626,24
DA:627,24
DA:631,12
DA:633,36
DA:634,11
DA:639,8
DA:641,0
DA:646,16
DA:662,8
DA:664,8
DA:665,16
DA:666,8
DA:668,24
DA:671,16
DA:672,8
DA:673,8
DA:675,24
DA:678,8
DA:679,8
DA:680,8
DA:681,8
DA:682,8
DA:683,8
DA:686,24
DA:689,2
DA:690,4
DA:694,16
DA:696,2
DA:698,2
DA:701,8
DA:706,0
DA:711,0
DA:712,0
DA:720,0
DA:722,0
DA:725,0
DA:726,0
DA:729,0
DA:732,0
DA:734,36
DA:736,36
DA:739,0
DA:740,0
DA:743,0
DA:744,0
DA:747,0
DA:748,0
DA:751,1
DA:753,2
DA:754,1
DA:757,1
DA:759,2
DA:760,1
DA:763,1
DA:765,1
DA:766,2
DA:769,1
DA:771,1
DA:772,2
DA:775,1
DA:776,2
DA:779,6
DA:780,12
DA:783,7
DA:784,14
DA:787,6
DA:788,12
DA:791,4
DA:792,8
DA:795,6
DA:798,3
DA:801,5
DA:805,10
DA:806,4
DA:807,5
DA:808,5
DA:809,6
DA:813,0
DA:818,0
DA:819,0
DA:820,0
DA:821,0
DA:825,0
DA:826,0
DA:827,0
DA:828,0
DA:829,0
DA:833,0
DA:836,12
DA:837,12
DA:840,24
DA:843,24
DA:846,20
DA:847,24
DA:848,8
DA:853,24
DA:854,18
DA:857,0
DA:862,24
DA:864,27
DA:865,9
DA:866,1
DA:867,2
DA:869,9
DA:874,24
DA:876,27
DA:877,9
DA:878,2
DA:879,4
DA:881,9
DA:886,0
DA:890,12
DA:891,12
DA:894,24
DA:897,12
DA:900,12
DA:902,12
DA:909,9
DA:911,9
DA:914,18
DA:915,9
DA:916,1
DA:917,2
DA:921,18
DA:922,9
DA:926,9
DA:927,9
DA:930,4
DA:931,2
DA:932,2
DA:938,0
DA:939,0
DA:940,0
DA:946,0
DA:955,0
DA:958,0
DA:959,0
DA:961,0
DA:962,0
DA:967,1
DA:968,2
DA:969,2
DA:970,2
DA:971,2
DA:972,2
DA:977,0
DA:980,0
DA:983,2
DA:986,9
DA:988,9
DA:989,18
DA:992,0
DA:998,0
DA:999,0
DA:1009,0
DA:1010,0
DA:1013,0
DA:1016,0
DA:1017,0
DA:1020,0
DA:1021,0
DA:1024,0
DA:1025,0
DA:1028,0
DA:1029,0
DA:1030,0
DA:1032,0
DA:1037,0
DA:1038,0
DA:1041,0
DA:1042,0
DA:1047,3
DA:1049,6
DA:1050,3
DA:1052,0
DA:1058,3
DA:1061,1
DA:1063,2
DA:1064,1
DA:1066,0
DA:1072,0
DA:1073,0
DA:1076,0
DA:1077,0
DA:1080,0
DA:1081,0
DA:1084,0
DA:1085,0
DA:1088,0
DA:1089,0
DA:1092,0
DA:1093,0
DA:1096,0
DA:1097,0
DA:1100,0
DA:1103,0
DA:1106,0
DA:1107,0
DA:1112,0
DA:1113,0
DA:1116,0
DA:1117,0
DA:1120,0
DA:1121,0
DA:1124,0
DA:1125,0
DA:1128,0
DA:1129,0
DA:1132,0
DA:1133,0
DA:1136,0
DA:1137,0
DA:1142,0
DA:1144,0
DA:1145,0
DA:1147,0
DA:1148,0
DA:1158,0
DA:1160,0
DA:1161,0
DA:1163,0
DA:1164,0
DA:1174,0
DA:1176,0
DA:1177,0
DA:1179,0
DA:1180,0
DA:1186,0
DA:1211,0
DA:1212,0
DA:1235,0
DA:1239,0
DA:1264,0
DA:1267,0
DA:1291,0
DA:1295,0
DA:1310,0
DA:1311,0
DA:1327,0
DA:1328,0
DA:1339,0
DA:1340,0
DA:1341,0
DA:1343,0
DA:1345,0
DA:1351,0
DA:1352,0
DA:1353,0
DA:1355,0
DA:1357,0
LF:425
LH:277
end_of_record
SF:lib/src/client/cf_client_feature_flags.dart
DA:27,12
DA:51,7
DA:53,14
DA:55,7
DA:57,7
DA:58,7
DA:59,14
DA:62,1
DA:63,2
DA:67,0
DA:82,6
DA:84,12
DA:86,6
DA:88,6
DA:89,6
DA:90,12
DA:93,0
DA:94,0
DA:98,0
DA:114,6
DA:116,12
DA:118,6
DA:120,6
DA:121,6
DA:122,6
DA:123,12
DA:126,0
DA:127,0
DA:131,0
DA:147,4
DA:149,8
DA:151,4
DA:153,4
DA:154,4
DA:155,12
DA:158,0
DA:159,0
DA:163,0
DA:178,2
DA:180,2
DA:181,4
DA:183,2
DA:184,1
DA:200,1
DA:202,2
DA:203,1
DA:205,2
DA:211,7
DA:214,14
DA:215,7
DA:218,14
DA:219,7
DA:223,3
DA:225,3
DA:226,3
DA:229,3
DA:234,3
DA:236,3
DA:238,2
DA:239,2
DA:244,3
DA:246,0
DA:251,3
DA:252,3
DA:256,1
DA:257,2
DA:260,3
DA:261,3
DA:262,6
DA:263,3
DA:264,3
DA:265,1
DA:266,1
DA:270,1
DA:271,1
DA:277,0
DA:278,0
DA:285,3
DA:291,9
DA:292,3
DA:293,3
DA:294,6
DA:295,3
DA:296,9
DA:297,6
DA:298,3
DA:301,2
DA:308,0
DA:345,1
DA:347,3
DA:350,1
DA:351,0
DA:352,0
DA:356,1
DA:358,1
DA:359,1
DA:360,3
DA:363,1
DA:364,2
DA:368,0
DA:374,1
DA:384,1
DA:419,1
DA:421,3
DA:423,1
DA:424,0
DA:428,2
DA:429,1
DA:432,2
DA:437,1
DA:442,1
DA:445,1
DA:450,1
DA:452,3
DA:455,2
DA:461,1
DA:462,1
DA:464,1
DA:466,1
DA:468,1
DA:470,1
DA:472,1
DA:473,1
DA:504,1
DA:506,3
DA:508,1
DA:509,2
DA:511,2
DA:512,1
DA:513,1
DA:516,1
DA:519,1
DA:524,1
DA:525,1
DA:528,1
DA:533,1
DA:535,0
DA:536,0
DA:540,3
DA:543,2
DA:545,1
DA:550,1
DA:555,1
DA:556,1
DA:559,0
DA:560,0
DA:563,1
DA:564,1
DA:565,2
DA:566,1
DA:567,1
DA:568,0
DA:569,0
DA:573,1
DA:574,0
DA:575,0
DA:576,0
DA:577,0
DA:581,1
DA:582,1
LF:160
LH:132
end_of_record
SF:lib/src/client/cf_client_events.dart
DA:23,13
DA:50,1
DA:51,2
DA:74,6
DA:79,12
DA:82,12
DA:84,4
DA:85,4
DA:89,6
DA:91,6
DA:95,12
DA:97,6
DA:98,12
DA:99,6
DA:101,2
DA:102,2
DA:103,1
DA:106,1
DA:107,2
DA:108,1
DA:131,1
DA:136,2
DA:139,1
DA:141,1
DA:142,1
DA:143,3
DA:146,1
DA:147,1
DA:151,0
DA:152,0
DA:153,0
DA:170,1
DA:175,2
DA:177,1
DA:179,1
DA:180,3
DA:181,2
DA:184,1
DA:189,0
DA:190,0
DA:191,0
DA:207,1
DA:212,2
DA:214,1
DA:216,1
DA:217,1
DA:218,1
DA:221,1
DA:226,0
DA:227,0
DA:228,0
DA:247,1
DA:249,1
DA:250,2
DA:252,1
DA:253,1
DA:254,1
DA:256,2
DA:257,2
DA:258,1
DA:261,1
DA:262,2
DA:263,1
DA:277,1
DA:279,2
DA:281,2
DA:296,1
DA:310,1
DA:313,2
DA:316,0
LF:70
LH:60
end_of_record
SF:lib/src/client/cf_client_listeners.dart
DA:28,13
DA:53,1
DA:54,5
DA:55,2
DA:70,1
DA:71,2
DA:73,1
DA:74,1
DA:75,2
DA:78,2
DA:105,1
DA:107,5
DA:108,2
DA:123,1
DA:125,2
DA:127,1
DA:128,1
DA:129,2
DA:132,2
DA:158,1
DA:159,2
DA:160,1
DA:174,1
DA:175,2
DA:177,1
DA:191,1
DA:192,2
DA:193,1
DA:194,1
DA:195,2
DA:196,2
DA:198,1
DA:200,2
DA:216,1
DA:218,2
DA:219,1
DA:220,1
DA:221,2
DA:222,2
DA:224,1
DA:226,2
DA:241,1
DA:243,2
DA:244,1
DA:245,3
DA:246,2
DA:248,1
DA:250,2
DA:259,1
DA:260,2
DA:261,4
DA:267,1
DA:268,2
DA:269,1
DA:275,1
DA:276,2
DA:282,1
DA:283,2
DA:284,2
DA:285,1
DA:291,1
DA:292,1
DA:294,2
DA:295,2
DA:296,2
DA:298,2
DA:305,0
DA:306,0
DA:307,0
DA:308,0
DA:309,0
DA:310,0
DA:311,0
DA:312,0
DA:319,0
DA:320,0
DA:321,0
LF:77
LH:66
end_of_record
SF:lib/src/client/cf_client_recovery.dart
DA:26,13
DA:37,1
DA:39,1
DA:41,2
DA:43,1
DA:50,2
DA:51,1
DA:52,3
DA:53,1
DA:56,1
DA:57,1
DA:58,1
DA:62,1
DA:64,1
DA:65,2
DA:67,1
DA:70,1
DA:71,2
DA:73,1
DA:76,2
DA:77,2
DA:79,0
DA:82,1
DA:85,1
DA:86,1
DA:89,1
DA:92,1
DA:93,2
DA:94,1
DA:96,2
DA:97,1
DA:99,3
DA:106,1
DA:111,1
DA:112,2
DA:114,2
DA:116,1
DA:126,1
DA:127,1
DA:128,1
DA:132,1
DA:133,1
DA:136,1
DA:137,1
DA:140,1
DA:143,1
DA:146,1
DA:148,3
DA:150,0
DA:151,0
DA:156,1
DA:164,1
DA:169,1
DA:170,1
DA:172,3
DA:177,2
DA:178,1
DA:180,3
DA:187,1
DA:191,1
DA:193,2
DA:197,1
DA:198,1
DA:201,1
DA:205,1
DA:208,1
DA:209,1
DA:211,1
DA:215,1
DA:218,2
DA:219,1
DA:221,2
DA:222,1
DA:224,3
DA:231,1
DA:236,1
DA:238,1
DA:239,2
DA:244,1
DA:245,0
DA:247,1
DA:248,2
DA:253,2
DA:254,1
DA:256,1
DA:263,1
DA:265,1
DA:267,1
DA:268,2
DA:270,1
DA:271,0
DA:273,1
DA:274,2
DA:279,2
DA:280,1
DA:282,3
DA:289,1
DA:291,1
DA:293,1
DA:294,1
DA:295,1
DA:301,1
DA:302,1
DA:305,2
DA:306,1
DA:307,1
DA:308,1
DA:309,1
DA:313,2
DA:314,1
DA:315,1
DA:316,1
DA:317,0
DA:321,3
DA:322,3
DA:323,0
DA:324,0
DA:325,0
DA:326,0
DA:330,1
DA:331,2
DA:332,1
DA:334,0
DA:335,0
DA:337,0
DA:362,1
DA:371,0
DA:373,0
DA:374,0
DA:385,1
DA:392,1
DA:394,2
DA:395,2
LF:133
LH:117
end_of_record
SF:lib/src/core/model/feature_flag_value.dart
DA:10,55
DA:26,1
DA:30,1
DA:31,1
DA:32,1
DA:33,1
DA:34,1
DA:35,1
DA:36,1
DA:37,1
DA:40,2
DA:45,1
DA:46,1
DA:47,1
DA:49,3
DA:50,1
DA:51,1
DA:52,1
DA:53,1
DA:54,1
DA:61,1
DA:62,1
DA:63,1
DA:64,1
DA:65,1
DA:66,1
DA:67,1
DA:68,1
DA:69,1
DA:76,2
DA:79,1
DA:80,1
DA:82,1
DA:84,1
DA:86,1
DA:94,1
DA:96,1
DA:97,2
DA:98,1
DA:99,1
DA:100,1
DA:101,2
DA:102,1
DA:103,2
DA:114,2
DA:116,1
DA:119,4
DA:121,1
DA:122,2
DA:129,55
DA:131,1
DA:134,4
DA:136,1
DA:137,2
DA:144,2
DA:147,3
DA:150,3
DA:152,1
DA:155,4
DA:157,1
DA:158,2
DA:165,2
DA:167,1
DA:170,4
DA:172,1
DA:174,8
DA:176,1
DA:177,3
DA:178,2
DA:179,4
LF:70
LH:70
end_of_record
SF:lib/src/analytics/event/typed_event_properties.dart
DA:22,2
DA:44,2
DA:46,1
DA:47,1
DA:49,1
DA:50,5
DA:53,1
DA:54,3
DA:56,1
DA:59,4
DA:61,1
DA:62,2
DA:69,2
DA:71,1
DA:72,1
DA:74,1
DA:75,2
DA:77,1
DA:80,4
DA:82,1
DA:83,2
DA:90,2
DA:92,1
DA:93,1
DA:95,1
DA:98,1
DA:101,4
DA:103,1
DA:104,2
DA:112,1
DA:113,3
DA:118,1
DA:119,3
DA:124,1
DA:125,3
DA:130,1
DA:131,2
DA:132,1
DA:133,1
DA:134,2
DA:135,1
DA:136,2
DA:137,1
DA:138,2
DA:141,3
DA:148,1
DA:149,2
DA:153,1
DA:154,2
DA:159,3
DA:162,3
DA:169,55
DA:171,1
DA:173,1
DA:174,8
DA:178,1
DA:181,3
DA:184,3
DA:185,1
DA:189,3
DA:190,3
DA:191,2
DA:197,1
DA:199,1
DA:201,3
DA:202,4
DA:206,1
DA:208,1
DA:209,1
DA:210,3
DA:213,3
DA:214,1
DA:215,1
DA:217,1
DA:218,1
DA:219,2
DA:220,2
DA:221,2
DA:222,1
DA:223,1
DA:226,1
DA:227,1
DA:228,2
DA:229,2
DA:230,3
DA:231,2
DA:233,1
DA:234,2
DA:235,2
DA:245,1
DA:247,3
DA:249,4
DA:252,1
DA:253,1
DA:254,2
DA:255,1
DA:256,1
DA:257,1
DA:258,1
DA:265,3
DA:268,3
DA:271,3
DA:274,3
DA:277,3
DA:279,1
DA:282,1
DA:283,3
DA:285,0
DA:286,0
DA:288,1
DA:290,3
DA:291,2
DA:292,4
DA:300,2
DA:302,1
DA:304,1
DA:305,3
LF:117
LH:115
end_of_record
SF:lib/src/network/efficiency/network_optimizer.dart
DA:28,1
DA:29,2
DA:30,0
DA:34,1
DA:35,3
DA:38,2
DA:39,1
DA:40,1
DA:41,3
DA:47,2
DA:49,1
DA:50,1
DA:51,2
DA:52,3
DA:54,1
DA:55,2
DA:58,0
DA:64,0
DA:65,0
DA:69,1
DA:70,1
DA:71,3
DA:75,1
DA:76,2
DA:78,3
DA:79,2
DA:80,1
DA:84,2
DA:85,2
DA:86,1
DA:89,1
DA:91,1
DA:92,1
DA:94,1
DA:99,0
DA:102,0
DA:104,0
DA:105,0
DA:107,0
DA:108,0
DA:109,0
DA:114,0
DA:117,0
DA:121,0
DA:122,0
DA:123,0
DA:125,0
DA:126,0
DA:127,0
DA:129,0
DA:130,0
DA:133,0
DA:134,0
DA:135,0
DA:140,0
DA:142,0
DA:143,0
DA:145,0
DA:151,0
DA:152,0
DA:153,0
DA:154,0
DA:170,1
DA:176,1
DA:177,5
DA:178,1
DA:179,1
DA:180,2
DA:181,5
DA:182,2
DA:184,1
DA:185,1
DA:186,2
DA:187,2
DA:190,1
DA:191,1
DA:192,4
DA:193,2
DA:196,1
DA:197,1
DA:198,1
DA:199,1
DA:202,1
DA:203,1
DA:204,1
DA:205,1
DA:206,1
DA:207,1
DA:208,1
DA:209,4
DA:210,4
DA:225,1
DA:228,1
DA:234,1
DA:235,1
DA:238,1
DA:241,1
DA:244,2
DA:245,4
DA:246,3
DA:249,7
DA:251,1
DA:253,1
DA:254,4
DA:255,1
DA:259,1
DA:260,2
DA:261,1
DA:263,2
DA:264,4
DA:266,1
DA:267,2
DA:270,1
DA:271,2
DA:272,4
DA:273,3
DA:277,1
DA:278,2
DA:279,4
DA:282,1
DA:285,1
DA:286,0
DA:290,1
DA:291,3
DA:292,1
DA:294,2
DA:297,3
DA:298,2
DA:299,3
DA:304,2
DA:307,1
DA:308,3
DA:310,3
DA:312,2
DA:316,1
DA:319,2
DA:321,1
DA:322,2
DA:324,2
DA:325,1
DA:327,2
DA:330,1
DA:331,4
DA:332,1
DA:333,1
DA:334,2
DA:338,2
DA:340,1
DA:341,2
DA:345,2
DA:346,2
DA:351,2
DA:352,4
DA:367,1
DA:376,5
DA:389,1
DA:394,3
DA:396,1
DA:397,1
DA:404,2
DA:405,1
DA:406,1
DA:408,2
DA:409,1
DA:414,2
DA:417,1
DA:418,2
DA:419,2
DA:420,2
DA:421,2
DA:426,1
DA:427,1
DA:430,1
DA:431,1
DA:438,1
DA:439,1
DA:446,1
DA:447,1
DA:454,1
DA:455,1
DA:462,1
DA:463,1
DA:474,1
DA:475,2
DA:476,1
DA:477,1
DA:479,2
DA:484,5
DA:486,5
DA:488,1
DA:489,1
DA:490,2
DA:491,1
DA:492,1
DA:493,1
DA:495,3
DA:496,2
DA:497,1
DA:499,1
DA:501,3
DA:502,4
DA:503,1
DA:505,2
DA:506,2
DA:510,1
DA:512,2
DA:514,2
DA:515,4
DA:516,0
DA:520,1
DA:521,2
DA:525,4
DA:527,1
DA:529,3
DA:530,4
DA:531,1
DA:533,1
DA:534,5
DA:535,2
DA:548,1
DA:574,1
DA:582,1
DA:583,1
DA:584,1
DA:585,1
DA:586,1
DA:587,1
DA:588,1
DA:598,1
DA:602,1
DA:605,2
DA:606,1
DA:607,1
DA:610,2
DA:611,1
DA:614,2
DA:615,1
DA:618,2
DA:619,2
DA:620,1
DA:622,2
DA:624,1
DA:629,1
DA:631,1
DA:633,2
DA:634,3
DA:636,3
DA:637,3
DA:639,4
DA:640,1
DA:641,2
DA:648,1
DA:650,1
DA:667,2
DA:668,2
DA:669,1
DA:670,1
DA:671,1
DA:673,1
DA:681,1
DA:683,1
DA:697,2
DA:698,1
DA:700,1
DA:702,1
DA:703,0
DA:704,1
DA:705,0
DA:707,1
DA:709,1
DA:710,1
DA:711,1
DA:713,1
DA:730,1
DA:731,1
DA:732,1
DA:733,1
DA:736,1
DA:742,1
DA:743,2
DA:746,1
DA:747,2
DA:751,2
DA:758,2
DA:761,1
DA:762,2
DA:764,1
DA:769,2
DA:770,1
DA:771,3
DA:775,0
DA:776,0
DA:781,1
DA:782,1
DA:783,2
DA:784,3
DA:785,2
DA:790,1
DA:791,2
DA:792,2
DA:793,1
LF:301
LH:263
end_of_record
SF:lib/src/monitoring/network_health_monitor.dart
DA:27,1
DA:41,1
DA:42,1
DA:43,1
DA:44,1
DA:45,1
DA:46,1
DA:47,1
DA:48,1
DA:49,1
DA:50,1
DA:51,1
DA:52,1
DA:53,2
DA:66,1
DA:83,1
DA:108,2
DA:109,1
DA:110,2
DA:112,1
DA:115,1
DA:121,1
DA:123,1
DA:129,4
DA:130,2
DA:132,1
DA:135,2
DA:136,1
DA:139,2
DA:144,1
DA:150,1
DA:152,1
DA:158,2
DA:159,2
DA:162,3
DA:163,0
DA:166,1
DA:167,1
DA:171,1
DA:172,3
DA:174,1
DA:176,1
DA:177,6
DA:178,1
DA:180,1
DA:190,2
DA:191,1
DA:195,1
DA:196,4
DA:197,1
DA:199,2
DA:202,5
DA:203,1
DA:205,5
DA:207,1
DA:208,1
DA:211,1
DA:212,6
DA:213,1
DA:215,2
DA:217,1
DA:228,1
DA:233,1
DA:234,1
DA:236,3
DA:237,2
DA:244,1
DA:245,2
DA:247,1
DA:252,2
DA:253,2
DA:255,1
DA:257,2
DA:259,2
DA:261,2
DA:262,2
DA:263,1
DA:265,1
DA:266,1
DA:270,2
DA:274,1
DA:276,2
DA:277,1
DA:279,3
DA:280,2
DA:281,2
DA:282,1
DA:283,1
DA:284,2
DA:285,3
DA:294,1
DA:301,1
DA:302,1
DA:303,1
DA:307,1
DA:308,2
DA:309,1
DA:313,3
DA:314,2
DA:315,2
DA:317,4
DA:319,2
DA:326,1
DA:327,2
DA:328,1
DA:329,1
DA:331,6
DA:333,1
DA:335,7
DA:336,1
DA:338,2
DA:339,2
DA:342,1
DA:350,1
DA:352,2
DA:354,1
DA:355,4
DA:356,1
DA:358,1
DA:359,2
DA:360,4
DA:361,3
DA:364,1
DA:365,1
DA:366,2
DA:367,1
DA:370,2
DA:371,1
DA:372,1
DA:374,3
DA:375,1
DA:376,5
DA:377,5
DA:378,5
DA:379,2
DA:387,1
DA:388,1
DA:389,2
DA:390,1
DA:391,1
DA:392,4
DA:393,1
DA:394,1
DA:395,1
DA:396,1
DA:397,3
DA:398,2
DA:399,3
DA:400,3
DA:401,2
DA:407,1
DA:408,2
DA:409,2
DA:410,2
DA:411,1
DA:415,0
DA:417,0
DA:420,0
DA:421,0
DA:425,0
DA:426,0
DA:428,0
DA:433,1
DA:434,1
DA:436,4
DA:437,5
DA:440,1
DA:443,1
DA:444,1
DA:445,1
DA:449,1
DA:451,2
DA:452,1
DA:453,2
LF:174
LH:166
end_of_record
SF:lib/src/core/util/memory_manager.dart
DA:18,30
DA:20,45
DA:21,45
DA:33,0
DA:46,1
DA:48,1
DA:53,1
DA:54,1
DA:67,1
DA:70,1
DA:72,2
DA:73,2
DA:74,2
DA:76,1
DA:95,1
DA:97,1
DA:101,1
DA:102,2
DA:104,2
DA:105,5
DA:107,1
DA:108,3
DA:122,15
DA:123,15
DA:126,15
DA:129,15
DA:132,15
DA:134,15
DA:153,1
DA:154,1
DA:155,2
DA:156,2
DA:158,1
DA:159,1
DA:183,1
DA:184,1
DA:202,1
DA:203,2
DA:207,3
DA:208,1
DA:209,3
DA:210,0
DA:217,1
DA:218,0
DA:219,0
DA:220,0
DA:221,0
DA:225,3
DA:226,1
DA:227,1
DA:247,1
DA:248,1
DA:251,3
DA:252,1
DA:253,2
DA:258,1
DA:259,3
DA:260,2
DA:261,1
DA:262,0
DA:263,0
DA:272,1
DA:273,1
DA:275,0
DA:279,0
DA:280,0
DA:282,0
DA:283,0
DA:286,0
DA:287,0
DA:288,0
DA:289,0
DA:290,0
DA:294,0
DA:297,15
DA:298,30
DA:301,32
DA:303,45
DA:304,15
DA:305,0
DA:309,15
DA:310,15
DA:312,15
DA:315,30
DA:316,0
DA:320,15
DA:321,15
DA:322,60
DA:326,13
DA:328,13
DA:332,0
DA:334,0
DA:339,0
DA:342,0
DA:343,0
DA:346,0
DA:351,0
DA:353,0
DA:354,0
DA:358,0
DA:359,0
DA:360,0
DA:363,0
DA:366,0
DA:367,0
DA:368,0
DA:369,0
DA:371,0
DA:372,0
DA:376,0
DA:380,14
DA:381,28
DA:382,28
DA:383,28
DA:393,1
DA:396,1
DA:397,2
DA:399,1
DA:402,2
DA:403,2
DA:407,0
DA:408,0
DA:415,1
DA:417,2
DA:418,2
DA:422,3
DA:423,2
DA:426,6
DA:427,2
DA:428,2
DA:433,1
DA:434,2
DA:435,2
DA:439,1
DA:440,2
DA:441,2
DA:445,3
DA:448,1
DA:449,2
DA:451,1
DA:456,0
DA:457,0
LF:142
LH:97
end_of_record
SF:lib/src/core/util/json_parser.dart
DA:19,3
DA:20,3
DA:52,1
DA:58,1
DA:59,1
DA:63,1
DA:64,2
DA:65,1
DA:66,3
DA:70,1
DA:71,1
DA:75,1
DA:77,1
DA:79,1
DA:80,1
DA:81,1
DA:83,1
DA:86,2
DA:87,2
DA:104,1
DA:110,1
DA:111,0
DA:115,1
DA:116,2
DA:117,1
DA:118,3
DA:122,1
DA:124,1
DA:126,1
DA:127,1
DA:128,2
DA:129,1
DA:131,1
DA:134,0
DA:135,0
DA:156,1
DA:162,1
DA:163,1
DA:167,1
DA:168,2
DA:169,1
DA:170,3
DA:174,1
DA:177,1
DA:178,1
DA:179,2
DA:180,1
DA:182,2
DA:183,2
DA:200,1
DA:209,1
DA:210,1
DA:211,1
DA:213,2
DA:214,2
DA:228,1
DA:234,1
DA:235,1
DA:239,1
DA:240,1
DA:242,2
DA:243,2
DA:258,1
DA:259,2
DA:260,2
DA:261,1
DA:274,1
DA:275,1
DA:276,2
DA:278,2
DA:284,1
DA:289,3
DA:290,1
DA:291,2
DA:292,1
DA:293,1
DA:296,1
DA:297,2
DA:299,2
DA:300,1
DA:304,1
DA:307,1
DA:308,1
DA:309,1
DA:312,2
DA:313,2
DA:314,1
DA:315,3
DA:316,1
DA:319,1
DA:321,5
DA:324,1
DA:326,2
DA:328,0
DA:329,0
DA:332,3
DA:334,2
DA:335,2
DA:337,2
DA:338,2
DA:342,1
DA:343,1
DA:344,2
DA:345,1
DA:346,1
DA:347,2
DA:349,0
LF:107
LH:101
end_of_record
SF:lib/src/core/util/string_optimizer.dart
DA:15,3
DA:16,3
DA:42,1
DA:47,1
DA:48,3
DA:50,1
DA:56,3
DA:57,2
DA:58,1
DA:60,2
DA:63,1
DA:89,1
DA:90,1
DA:93,3
DA:94,4
DA:120,1
DA:125,1
DA:126,3
DA:130,2
DA:131,2
DA:132,2
DA:136,1
DA:137,3
DA:138,1
DA:139,1
DA:141,2
DA:144,1
DA:148,3
DA:173,1
DA:174,1
DA:176,1
DA:179,1
DA:182,3
DA:183,1
DA:184,1
DA:187,3
DA:188,1
DA:191,1
DA:217,1
DA:221,1
DA:223,1
DA:224,2
DA:226,3
DA:227,1
DA:228,1
DA:231,2
DA:232,3
DA:234,1
DA:235,1
DA:238,2
DA:240,1
DA:244,1
DA:271,1
DA:277,1
DA:280,3
DA:281,1
DA:284,1
DA:285,1
DA:286,1
DA:288,1
DA:289,1
DA:290,1
DA:291,1
DA:294,1
DA:295,1
DA:297,1
DA:319,1
DA:320,1
DA:342,1
DA:343,2
DA:365,1
DA:370,2
DA:372,2
DA:373,1
DA:375,2
DA:387,1
DA:388,2
DA:389,2
DA:406,1
DA:407,1
DA:408,2
DA:410,2
DA:416,1
DA:418,2
DA:420,0
DA:421,0
DA:424,3
DA:426,0
DA:427,0
DA:429,2
DA:430,2
DA:438,2
DA:441,2
DA:444,1
DA:445,1
DA:453,2
DA:456,1
DA:457,2
DA:462,1
DA:463,2
DA:468,1
DA:469,2
DA:470,2
DA:476,1
DA:477,3
DA:482,1
DA:483,2
DA:488,3
DA:491,3
DA:494,3
DA:497,1
DA:498,2
DA:501,1
DA:502,1
LF:114
LH:110
end_of_record
SF:lib/src/features/flag_definition.dart
DA:15,4
LF:1
LH:1
end_of_record
SF:lib/src/features/typed_flags.dart
DA:11,4
DA:19,2
DA:20,2
DA:22,4
DA:24,4
DA:25,3
DA:26,3
DA:27,9
DA:29,3
DA:30,2
DA:32,3
DA:35,3
DA:38,9
DA:39,6
DA:41,6
DA:42,2
DA:46,1
DA:48,1
DA:49,2
DA:50,3
DA:53,1
DA:55,1
DA:56,3
DA:59,1
DA:61,2
DA:62,1
DA:65,2
DA:66,2
DA:76,4
DA:85,2
DA:87,2
DA:88,2
DA:89,2
DA:94,4
DA:96,4
DA:97,4
DA:100,6
DA:101,1
DA:102,3
DA:103,1
DA:109,3
DA:112,9
DA:113,3
DA:115,3
DA:116,1
DA:120,1
DA:122,6
DA:125,1
DA:127,1
DA:128,3
DA:131,1
DA:133,2
DA:134,1
DA:137,2
DA:138,2
DA:149,4
DA:159,2
DA:161,2
DA:162,2
DA:163,6
DA:164,6
DA:168,4
DA:170,4
DA:171,4
DA:173,6
DA:174,15
DA:175,16
DA:178,3
DA:179,3
DA:182,3
DA:183,9
DA:184,9
DA:188,3
DA:191,3
DA:194,9
DA:195,3
DA:197,0
DA:198,0
DA:202,1
DA:204,6
DA:207,1
DA:209,1
DA:210,3
DA:213,1
DA:215,2
DA:216,1
DA:219,2
DA:220,2
DA:231,4
DA:241,2
DA:243,2
DA:244,2
DA:246,2
DA:255,4
DA:257,4
DA:258,4
DA:260,8
DA:262,12
DA:263,4
DA:268,3
DA:271,3
DA:274,9
DA:275,3
DA:277,0
DA:278,0
DA:282,1
DA:284,6
DA:287,1
DA:289,1
DA:290,3
DA:293,1
DA:295,2
DA:296,1
DA:299,2
DA:300,2
DA:310,4
DA:319,2
DA:321,2
DA:322,4
DA:323,10
DA:326,4
DA:328,8
DA:329,2
DA:332,4
DA:334,8
DA:335,12
DA:336,8
DA:339,0
DA:342,4
DA:345,3
DA:348,3
DA:351,9
DA:352,3
DA:354,0
DA:355,0
DA:359,1
DA:361,6
DA:364,1
DA:366,1
DA:367,3
DA:370,1
DA:372,2
DA:373,1
DA:376,2
DA:377,2
LF:145
LH:138
end_of_record
SF:lib/src/features/feature_flags.dart
DA:34,0
DA:39,13
DA:42,1
DA:48,1
DA:49,1
DA:55,2
DA:60,1
DA:67,1
DA:68,1
DA:75,2
DA:80,1
DA:88,1
DA:89,1
DA:97,2
DA:102,1
DA:110,1
DA:111,1
DA:119,2
DA:124,1
DA:131,1
DA:132,1
DA:139,2
DA:144,1
DA:145,5
DA:149,1
DA:150,1
DA:151,2
DA:153,3
DA:155,0
DA:162,1
DA:163,2
DA:167,1
DA:168,2
DA:170,1
DA:171,1
DA:172,1
DA:173,1
DA:174,1
DA:175,1
DA:176,1
DA:177,1
DA:178,1
DA:179,1
DA:182,0
DA:185,2
DA:198,1
DA:201,1
DA:202,1
DA:210,1
DA:211,1
DA:219,1
DA:221,1
DA:231,1
DA:234,1
LF:54
LH:51
end_of_record
SF:lib/src/features/flag_provider.dart
DA:23,0
DA:24,0
DA:26,0
DA:27,0
DA:29,0
DA:30,0
DA:32,0
DA:34,0
DA:35,0
DA:39,0
DA:40,0
DA:41,0
DA:45,0
DA:46,0
DA:47,0
DA:48,0
DA:50,0
LF:17
LH:0
end_of_record
SF:lib/src/features/cf_flag_provider.dart
DA:12,13
DA:19,12
DA:20,12
DA:22,12
DA:26,1
DA:28,2
DA:29,1
DA:36,0
DA:42,0
DA:45,0
DA:47,0
DA:48,0
DA:50,0
DA:51,0
DA:52,0
DA:54,0
DA:62,0
DA:64,0
DA:65,0
DA:68,0
DA:72,0
DA:75,0
DA:76,0
DA:77,0
DA:80,0
DA:84,1
DA:85,2
DA:86,0
DA:88,2
LF:29
LH:10
end_of_record
SF:lib/src/core/util/properties_builder.dart
DA:7,1
DA:8,1
DA:9,1
DA:11,2
DA:12,0
DA:14,2
DA:18,1
DA:19,1
DA:20,2
DA:22,1
DA:26,1
DA:27,1
DA:31,1
DA:32,1
DA:37,1
DA:38,2
DA:39,0
DA:41,1
DA:45,3
LF:19
LH:17
end_of_record
SF:lib/src/logging/log_level_updater.dart
DA:7,12
DA:8,12
DA:9,12
DA:11,12
LF:4
LH:4
end_of_record
SF:lib/src/services/singleton_registry.dart
DA:4,3
DA:5,2
DA:10,1
DA:13,1
DA:19,2
DA:20,3
DA:25,1
DA:30,1
DA:31,2
DA:32,1
DA:39,1
DA:40,4
DA:44,1
DA:45,1
DA:46,3
DA:47,5
DA:50,1
DA:51,2
DA:53,5
DA:58,1
DA:59,2
DA:60,2
DA:71,1
LF:23
LH:23
end_of_record
SF:lib/src/client/cf_client_initializer.dart
DA:44,13
DA:49,13
DA:50,13
DA:55,2
DA:59,4
DA:62,4
DA:66,13
DA:68,13
DA:69,25
DA:70,24
DA:76,13
DA:83,13
DA:84,26
DA:85,13
DA:86,1
DA:88,1
DA:89,13
DA:90,13
DA:91,13
DA:93,9
DA:95,9
DA:102,13
DA:107,17
DA:109,4
DA:113,4
DA:118,6
DA:120,2
DA:122,1
DA:124,3
DA:125,2
DA:126,1
DA:134,2
DA:135,1
DA:144,13
DA:148,13
DA:153,19
DA:156,6
DA:158,6
DA:164,4
DA:166,8
DA:168,2
DA:169,2
DA:172,1
DA:173,1
DA:178,3
DA:180,1
DA:181,1
DA:183,0
DA:184,0
DA:186,2
DA:187,1
DA:188,1
DA:189,1
DA:198,2
DA:199,1
DA:208,13
DA:212,13
DA:214,26
DA:217,26
DA:218,13
DA:219,26
DA:222,26
DA:223,26
DA:225,0
DA:230,13
DA:233,26
DA:236,13
DA:239,13
DA:240,13
DA:243,13
DA:244,0
DA:245,0
DA:246,0
DA:247,0
DA:248,0
DA:253,13
DA:254,26
DA:255,13
DA:258,0
DA:261,0
DA:267,13
DA:269,13
DA:271,13
DA:277,2
DA:281,6
DA:283,2
DA:285,2
DA:286,2
DA:287,6
DA:288,2
DA:289,0
DA:292,0
DA:293,0
DA:297,2
DA:301,6
DA:304,1
DA:306,1
DA:307,1
DA:308,3
DA:310,1
DA:313,1
DA:316,2
DA:317,0
DA:321,0
DA:326,2
DA:332,2
DA:333,2
DA:335,1
DA:336,2
DA:337,2
DA:338,2
DA:339,2
DA:340,1
DA:341,2
DA:342,2
DA:343,2
DA:344,2
DA:345,2
DA:346,2
DA:347,2
DA:348,2
DA:349,2
DA:354,1
DA:357,1
DA:358,1
DA:359,1
DA:360,1
DA:361,1
DA:362,1
DA:363,1
DA:364,1
DA:366,1
DA:372,0
DA:373,0
DA:375,0
DA:376,0
DA:377,0
DA:378,0
DA:379,0
DA:380,0
DA:381,0
DA:382,0
DA:383,0
DA:393,13
DA:395,12
DA:398,24
DA:405,13
DA:407,13
DA:409,26
LF:149
LH:123
end_of_record
SF:lib/src/client/cf_client_sdk_settings.dart
DA:30,13
DA:41,13
DA:43,26
DA:44,12
DA:51,9
DA:56,13
DA:58,26
DA:59,12
DA:61,24
DA:62,2
DA:68,9
DA:69,9
DA:72,18
DA:73,18
DA:77,9
DA:82,13
DA:84,26
DA:85,12
DA:86,24
DA:87,24
DA:94,18
DA:95,9
DA:96,9
DA:97,18
DA:99,18
DA:102,18
DA:105,9
DA:106,4
DA:107,8
DA:108,8
DA:109,4
DA:115,12
DA:118,6
DA:119,6
DA:121,6
DA:122,12
DA:125,6
DA:126,1
DA:131,12
DA:132,6
DA:133,6
DA:134,6
DA:135,18
DA:137,5
DA:138,5
DA:139,5
DA:141,2
DA:144,2
DA:145,1
DA:146,2
DA:151,6
DA:153,12
DA:155,12
DA:158,6
DA:160,12
DA:164,12
DA:165,6
DA:166,18
DA:169,12
DA:170,6
DA:171,12
DA:173,0
DA:177,2
DA:178,1
DA:179,2
DA:182,1
DA:183,1
DA:184,1
DA:187,2
DA:188,1
DA:189,2
DA:194,1
DA:196,1
DA:200,13
DA:202,13
DA:207,24
DA:210,12
DA:211,12
DA:212,12
LF:79
LH:78
end_of_record
SF:lib/src/client/cf_client_wrappers.dart
DA:17,9
DA:24,1
DA:27,1
DA:28,2
DA:31,2
DA:34,2
DA:37,1
DA:39,2
DA:42,2
DA:45,5
DA:47,10
DA:55,2
DA:57,1
DA:60,2
DA:63,2
DA:66,8
DA:69,2
DA:70,4
DA:77,2
DA:79,1
DA:82,2
DA:85,2
DA:88,8
DA:91,2
DA:92,4
LF:25
LH:25
end_of_record
SF:lib/src/config/core/mutable_cf_config.dart
DA:23,26
DA:26,2
DA:29,3
DA:32,2
DA:33,2
DA:34,2
DA:35,2
DA:36,2
DA:37,2
DA:42,1
DA:44,2
DA:48,1
DA:50,2
DA:54,1
DA:55,2
DA:59,3
DA:62,1
DA:63,2
DA:67,1
DA:68,1
DA:69,3
DA:70,1
DA:71,2
DA:72,2
DA:73,2
DA:74,2
DA:75,1
DA:80,2
DA:81,6
DA:84,4
DA:89,2
DA:90,3
DA:92,1
LF:33
LH:33
end_of_record
SF:lib/src/config/validation/cf_config_validator.dart
DA:10,14
DA:17,4
DA:20,1
DA:21,1
DA:22,2
DA:23,1
DA:24,2
DA:25,2
DA:28,2
DA:29,2
DA:30,1
DA:31,2
DA:32,2
DA:35,1
DA:43,0
DA:69,13
DA:70,13
DA:71,13
DA:74,13
DA:77,26
DA:78,3
DA:83,13
DA:86,13
DA:89,13
DA:92,13
DA:95,13
DA:98,13
DA:101,13
DA:103,13
DA:104,13
DA:111,13
DA:112,13
DA:113,13
DA:114,2
DA:115,6
DA:116,2
DA:117,2
DA:124,13
DA:127,26
DA:128,2
DA:129,26
DA:130,1
DA:131,2
DA:135,26
DA:136,0
DA:137,26
DA:138,0
DA:139,0
DA:143,39
DA:144,3
DA:149,13
DA:152,26
DA:153,8
DA:154,16
DA:155,22
DA:156,1
DA:157,2
DA:161,26
DA:162,1
DA:163,2
DA:164,26
DA:165,1
DA:166,2
DA:170,39
DA:171,1
DA:176,13
DA:179,26
DA:180,1
DA:181,26
DA:182,1
DA:183,2
DA:187,26
DA:188,1
DA:189,26
DA:190,1
DA:191,2
DA:195,26
DA:196,1
DA:197,26
DA:198,1
DA:199,2
DA:203,13
DA:205,26
DA:206,0
DA:207,26
DA:208,1
DA:209,2
DA:212,26
DA:213,0
DA:214,26
DA:215,0
DA:216,0
DA:219,39
DA:220,1
DA:225,13
DA:227,26
DA:228,1
DA:229,2
DA:230,26
DA:231,1
DA:232,2
DA:236,13
DA:239,13
DA:240,12
DA:245,13
DA:246,22
DA:247,11
DA:252,14
DA:253,1
DA:258,14
DA:259,1
DA:264,13
DA:270,26
DA:271,2
DA:272,2
DA:273,1
DA:286,2
DA:292,0
DA:293,0
DA:296,1
DA:297,2
DA:299,2
DA:300,1
DA:301,2
DA:302,2
DA:306,2
DA:307,1
DA:308,2
DA:309,2
DA:313,1
LF:130
LH:120
end_of_record
SF:lib/src/core/memory/memory_coordinator.dart
DA:15,30
DA:30,15
DA:33,15
DA:34,15
DA:35,4
DA:39,15
DA:40,15
DA:43,30
DA:46,15
DA:49,30
DA:52,15
DA:54,15
DA:55,45
DA:59,14
DA:60,14
DA:62,14
DA:64,28
DA:65,28
DA:66,28
DA:69,14
DA:71,28
DA:72,28
DA:73,28
DA:74,14
DA:78,12
DA:79,12
DA:84,15
DA:85,90
DA:86,3
DA:90,30
DA:93,90
DA:95,15
DA:96,45
DA:100,1
DA:101,6
DA:102,3
DA:106,2
DA:107,2
DA:109,4
DA:110,6
DA:113,10
DA:115,2
DA:116,6
DA:120,2
DA:122,6
DA:123,6
DA:124,2
DA:130,4
DA:132,2
DA:133,8
DA:134,10
DA:135,4
DA:140,2
DA:141,2
DA:142,4
DA:143,2
DA:144,4
DA:145,4
DA:146,4
DA:150,2
DA:151,4
DA:152,6
DA:153,2
DA:154,2
DA:155,2
DA:158,2
DA:164,1
DA:165,1
DA:166,1
DA:169,1
DA:172,1
DA:173,5
DA:174,1
DA:177,1
DA:178,1
DA:182,1
DA:185,15
DA:187,15
DA:188,15
DA:191,15
DA:192,15
DA:195,15
DA:196,15
DA:199,15
DA:200,17
DA:202,45
DA:203,0
DA:207,1
DA:211,1
DA:214,1
DA:217,1
DA:220,1
DA:225,2
DA:226,1
DA:227,1
DA:228,3
DA:232,1
DA:233,3
DA:235,2
DA:236,1
DA:239,5
DA:244,1
DA:247,1
DA:249,3
DA:251,1
DA:253,3
DA:255,1
DA:256,1
DA:261,2
DA:262,4
DA:263,1
DA:264,1
DA:267,2
DA:268,1
DA:269,1
DA:271,2
DA:272,1
DA:275,1
DA:278,3
DA:279,2
DA:280,1
DA:283,1
DA:290,1
DA:291,1
DA:294,1
DA:297,4
DA:298,4
DA:300,2
DA:301,1
DA:302,4
DA:305,0
DA:307,0
DA:308,0
DA:309,0
DA:310,0
DA:314,0
DA:315,0
DA:316,0
DA:317,0
DA:320,0
DA:321,0
DA:325,0
DA:326,0
DA:330,1
DA:331,1
DA:334,1
DA:336,2
DA:337,0
DA:338,0
DA:339,0
DA:343,1
DA:344,0
DA:347,2
DA:350,14
DA:351,14
DA:354,28
DA:356,14
DA:358,3
DA:363,28
DA:364,28
DA:367,2
DA:368,12
DA:374,15
DA:377,15
DA:380,2
DA:383,2
DA:384,2
DA:386,14
DA:389,14
DA:392,14
DA:394,0
DA:396,14
DA:398,0
DA:400,14
DA:402,14
DA:403,14
DA:411,15
DA:414,15
DA:417,2
DA:420,2
DA:425,4
DA:428,14
DA:431,14
DA:432,14
DA:436,14
DA:437,0
DA:444,15
DA:447,15
DA:450,2
DA:453,2
DA:454,2
DA:456,14
DA:458,14
DA:460,14
LF:194
LH:173
end_of_record
SF:lib/src/core/memory/memory_pressure_monitor.dart
DA:12,32
DA:31,16
DA:32,16
DA:35,16
DA:36,16
DA:37,0
DA:38,16
DA:39,0
DA:41,48
DA:46,2
DA:49,3
DA:52,2
DA:55,2
DA:58,1
DA:63,1
DA:64,1
DA:65,1
DA:68,3
DA:69,3
DA:70,2
DA:74,14
DA:75,14
DA:78,14
DA:79,0
DA:80,0
DA:85,16
DA:86,16
DA:87,0
DA:91,16
DA:92,16
DA:93,16
DA:97,0
DA:98,0
DA:101,0
DA:103,0
DA:104,0
DA:105,0
DA:106,0
DA:107,0
DA:112,0
DA:116,15
DA:117,15
DA:119,0
DA:120,0
DA:121,0
DA:122,0
DA:123,0
DA:124,0
DA:126,0
DA:130,16
DA:131,32
DA:135,15
DA:136,30
DA:140,1
DA:141,1
DA:144,1
DA:145,1
DA:148,0
DA:149,0
DA:151,0
DA:155,2
DA:156,2
DA:158,4
DA:160,4
DA:161,1
DA:162,1
DA:164,5
DA:167,2
DA:170,3
DA:172,1
DA:174,0
DA:180,2
DA:181,4
DA:183,4
DA:185,4
DA:192,16
DA:194,50
DA:196,2
DA:200,2
DA:202,2
DA:203,6
DA:204,4
DA:205,4
DA:208,2
DA:211,2
DA:213,2
DA:220,2
DA:224,4
DA:226,0
DA:231,2
DA:234,4
DA:236,2
DA:237,2
DA:238,2
DA:243,1
DA:244,1
DA:245,2
DA:246,2
LF:98
LH:72
end_of_record
SF:lib/src/core/error/session_recovery_manager.dart
DA:13,2
DA:18,6
DA:20,2
DA:21,2
DA:23,2
DA:25,4
DA:33,0
DA:34,0
DA:36,0
DA:43,2
DA:48,5
DA:50,2
DA:51,2
DA:54,2
DA:58,2
DA:60,4
DA:68,0
DA:69,0
DA:71,0
DA:78,2
DA:83,2
DA:86,1
DA:87,1
DA:93,2
DA:94,2
DA:96,2
DA:98,2
DA:99,1
DA:102,2
DA:110,0
DA:111,0
DA:113,0
DA:120,2
DA:124,2
DA:126,2
DA:127,2
DA:132,2
DA:134,4
DA:142,0
DA:143,0
DA:145,0
DA:152,2
DA:158,2
DA:160,2
DA:162,2
DA:163,2
DA:166,1
DA:167,3
DA:168,3
DA:171,1
DA:172,3
DA:173,1
DA:174,1
DA:175,1
DA:176,1
DA:180,1
DA:181,3
DA:182,1
DA:183,1
DA:184,1
DA:185,0
DA:188,1
DA:189,1
DA:191,2
DA:192,1
DA:194,1
DA:212,1
DA:214,1
DA:215,2
DA:221,1
DA:223,1
DA:224,2
LF:72
LH:59
end_of_record
SF:lib/src/core/error/config_recovery_manager.dart
DA:20,2
DA:26,2
DA:27,2
DA:29,2
DA:31,2
DA:34,2
DA:39,2
DA:41,2
DA:46,0
DA:47,0
DA:48,0
DA:49,0
DA:53,0
DA:55,0
DA:64,0
DA:65,0
DA:67,0
DA:74,2
DA:80,2
DA:83,2
DA:84,2
DA:90,2
DA:91,2
DA:92,2
DA:93,6
DA:97,1
DA:104,1
DA:106,1
DA:107,1
DA:109,4
DA:113,2
DA:115,2
DA:119,2
DA:120,0
DA:123,2
DA:124,4
DA:127,0
DA:130,2
DA:132,2
DA:139,2
DA:143,2
DA:145,2
DA:147,2
DA:149,2
DA:150,2
DA:151,1
DA:157,4
DA:158,4
DA:159,2
DA:160,1
DA:166,2
DA:171,1
DA:172,1
DA:174,1
DA:183,0
DA:184,0
DA:186,0
DA:193,2
DA:197,2
DA:200,2
DA:203,2
DA:204,2
DA:205,2
DA:206,6
DA:207,2
DA:211,1
DA:213,2
DA:214,1
DA:215,1
DA:216,2
DA:217,1
DA:222,1
DA:223,1
DA:224,1
DA:225,1
DA:228,1
DA:229,1
DA:231,2
DA:232,1
DA:234,1
DA:241,1
DA:246,1
DA:248,1
DA:249,1
DA:250,1
DA:251,2
DA:254,2
DA:256,2
DA:257,1
DA:258,1
DA:261,5
DA:262,2
DA:264,3
DA:266,1
DA:267,1
DA:268,1
DA:269,1
DA:280,0
DA:281,0
DA:283,0
DA:291,2
DA:292,2
DA:294,4
DA:296,4
DA:300,4
DA:301,5
DA:302,3
DA:304,2
DA:308,1
DA:314,1
DA:317,3
DA:320,1
DA:324,1
DA:327,2
DA:331,1
DA:337,2
DA:338,0
DA:341,1
DA:346,1
DA:347,0
DA:348,0
DA:349,0
DA:354,1
DA:358,2
DA:359,0
DA:362,1
DA:364,1
DA:365,1
DA:368,1
DA:371,1
DA:374,2
DA:376,2
DA:380,2
DA:381,2
DA:385,2
DA:386,4
DA:387,2
DA:388,4
DA:394,2
DA:396,0
DA:401,0
DA:404,2
DA:405,2
DA:410,1
DA:413,2
DA:415,2
DA:417,2
DA:420,0
DA:424,2
DA:427,4
DA:430,0
DA:431,0
DA:433,0
DA:438,2
DA:440,4
DA:441,2
DA:443,2
DA:444,2
DA:446,2
DA:447,1
DA:451,2
DA:454,6
DA:456,0
DA:460,2
DA:466,4
DA:469,0
DA:473,1
DA:476,2
DA:479,1
DA:480,1
DA:482,1
DA:485,0
DA:496,2
DA:514,2
DA:516,2
DA:517,4
DA:523,2
DA:525,2
DA:526,4
DA:532,1
DA:534,1
DA:535,2
LF:182
LH:151
end_of_record
SF:lib/src/core/error/event_recovery_manager.dart
DA:20,1
DA:26,1
DA:27,1
DA:29,1
DA:30,1
DA:32,1
DA:36,1
DA:37,1
DA:39,1
DA:40,1
DA:41,2
DA:48,0
DA:49,0
DA:51,0
DA:58,2
DA:62,2
DA:64,2
DA:65,2
DA:66,2
DA:67,2
DA:68,2
DA:72,1
DA:73,2
DA:76,2
DA:79,2
DA:80,1
DA:81,1
DA:83,2
DA:85,1
DA:86,1
DA:94,1
DA:95,1
DA:96,1
DA:97,1
DA:108,0
DA:109,0
DA:111,0
DA:118,1
DA:120,3
DA:122,1
DA:123,1
DA:124,1
DA:127,2
DA:128,1
DA:130,1
DA:133,2
DA:134,1
DA:136,1
DA:143,0
DA:144,0
DA:146,0
DA:153,2
DA:158,2
DA:160,2
DA:161,2
DA:162,2
DA:163,2
DA:164,1
DA:168,2
DA:169,3
DA:172,1
DA:174,2
DA:176,1
DA:178,2
DA:180,1
DA:181,1
DA:182,3
DA:183,1
DA:184,1
DA:185,2
DA:188,2
DA:190,1
DA:192,1
DA:193,2
DA:197,2
DA:199,3
DA:200,2
DA:201,3
DA:203,2
DA:208,1
DA:210,2
DA:212,1
DA:214,1
DA:215,2
DA:224,0
DA:225,0
DA:227,0
DA:234,2
DA:238,2
DA:240,2
DA:241,2
DA:242,2
DA:244,6
DA:246,3
DA:247,1
DA:248,1
DA:249,2
DA:251,6
DA:253,2
DA:254,1
DA:255,2
DA:266,0
DA:267,0
DA:269,0
DA:276,2
DA:278,2
DA:279,2
DA:281,2
DA:282,2
DA:283,2
DA:284,2
DA:285,2
DA:288,0
DA:289,0
DA:300,1
DA:305,1
DA:307,2
DA:308,1
DA:311,2
DA:312,1
DA:313,1
DA:314,1
DA:315,3
DA:318,1
DA:321,1
DA:324,1
DA:325,1
DA:327,0
DA:329,0
DA:335,2
DA:337,4
DA:338,1
DA:340,1
DA:341,1
DA:343,2
DA:344,1
DA:348,1
DA:351,3
DA:353,2
DA:357,2
DA:359,4
DA:360,1
DA:362,1
DA:363,1
DA:365,2
DA:366,1
DA:370,1
DA:373,3
DA:375,0
DA:379,1
DA:381,2
DA:383,0
DA:387,2
DA:388,2
DA:391,2
DA:392,1
DA:394,1
DA:401,1
DA:413,2
DA:420,1
DA:422,3
DA:423,2
LF:162
LH:141
end_of_record
SF:lib/src/core/error/error_recovery.dart
DA:16,5
DA:26,5
DA:31,10
DA:41,5
DA:44,8
DA:48,4
DA:51,4
DA:53,4
DA:54,8
DA:62,5
DA:71,5
DA:76,8
DA:77,10
DA:81,4
DA:82,4
DA:86,2
DA:95,5
DA:100,10
DA:101,0
DA:102,0
DA:105,0
DA:109,0
DA:110,0
DA:111,0
DA:112,0
DA:118,0
DA:120,0
DA:121,0
DA:123,0
DA:129,10
DA:134,5
DA:135,4
DA:136,2
DA:137,3
DA:138,4
DA:139,2
DA:148,4
DA:150,4
DA:151,4
DA:153,4
DA:154,4
DA:155,4
DA:156,4
DA:157,4
DA:162,4
DA:163,4
DA:164,4
DA:165,4
DA:170,4
DA:172,1
DA:173,1
DA:174,1
DA:175,1
DA:176,1
DA:184,4
DA:189,4
DA:190,4
DA:191,4
DA:192,4
DA:193,4
DA:194,4
DA:195,4
DA:196,4
DA:205,4
DA:207,4
DA:208,8
DA:211,8
DA:216,4
DA:220,4
DA:224,4
DA:225,4
DA:226,4
DA:230,4
DA:235,4
DA:236,2
DA:237,2
DA:238,2
DA:239,2
DA:243,2
DA:244,1
DA:245,2
DA:248,1
DA:255,2
DA:257,0
DA:258,0
DA:268,2
DA:269,2
DA:270,2
DA:271,2
DA:272,2
DA:273,2
DA:274,2
DA:279,2
DA:280,2
DA:281,2
DA:282,2
DA:283,2
DA:288,2
DA:289,2
DA:290,2
DA:295,2
DA:296,2
DA:297,2
DA:298,2
DA:299,2
DA:304,2
DA:305,2
DA:306,2
DA:311,2
DA:312,2
DA:317,2
DA:318,2
DA:319,2
DA:320,2
DA:325,2
DA:326,2
DA:327,2
DA:328,2
DA:329,2
DA:330,2
DA:341,1
DA:343,1
DA:344,2
DA:350,1
DA:352,1
DA:353,2
LF:126
LH:113
end_of_record
SF:lib/src/core/memory/memory_aware.dart
DA:19,0
DA:23,0
DA:43,16
DA:51,1
DA:53,1
DA:54,7
DA:55,7
LF:7
LH:5
end_of_record
SF:lib/src/core/memory/memory_pressure_level.dart
DA:22,3
DA:25,0
DA:28,0
DA:30,0
DA:32,0
DA:34,0
DA:36,0
DA:42,0
DA:44,0
DA:46,0
DA:48,0
DA:50,0
LF:12
LH:1
end_of_record
SF:lib/src/monitoring/memory_profiler.dart
DA:23,45
DA:33,45
DA:37,1
DA:40,1
DA:45,3
DA:48,1
DA:51,2
DA:52,1
DA:57,15
DA:61,1
DA:65,1
DA:67,1
DA:68,1
DA:72,1
DA:73,1
DA:77,1
DA:78,1
DA:79,1
DA:80,1
DA:81,1
DA:82,1
DA:83,1
DA:84,1
DA:89,1
DA:90,3
DA:91,1
DA:94,1
DA:100,1
DA:102,7
DA:103,5
DA:104,3
DA:107,1
DA:110,1
DA:113,1
DA:114,1
DA:115,2
DA:116,0
DA:117,0
DA:118,0
DA:122,1
DA:125,1
DA:126,0
DA:127,1
DA:128,1
DA:130,0
DA:133,1
DA:143,1
DA:145,2
DA:146,6
DA:147,1
DA:148,5
DA:152,1
DA:153,1
DA:154,1
DA:156,1
DA:157,2
DA:162,2
DA:166,2
DA:167,2
DA:175,3
DA:176,2
DA:188,15
DA:189,15
DA:190,30
DA:191,30
DA:193,15
DA:198,1
DA:199,1
DA:200,1
DA:201,2
DA:203,1
DA:204,1
DA:205,1
DA:206,1
DA:207,1
DA:210,3
DA:213,3
DA:214,1
DA:215,1
DA:216,1
DA:219,3
DA:220,2
DA:224,3
DA:225,1
DA:226,1
DA:227,2
DA:229,0
DA:235,1
DA:236,4
DA:239,1
DA:242,2
DA:246,1
DA:247,1
DA:253,0
DA:254,0
DA:263,1
DA:264,3
DA:266,3
DA:268,8
DA:270,8
DA:272,3
DA:274,1
DA:275,2
DA:279,1
DA:280,3
DA:283,3
DA:286,3
DA:287,6
DA:288,1
DA:293,3
DA:296,1
DA:297,2
DA:299,1
DA:300,1
DA:301,4
DA:302,1
DA:303,3
DA:304,3
DA:305,3
DA:306,4
DA:308,2
DA:309,2
DA:322,1
DA:336,1
DA:353,1
DA:368,1
DA:384,1
DA:414,1
DA:415,2
DA:416,3
LF:130
LH:122
end_of_record
SF:lib/src/core/memory/platform/memory_platform_interface.dart
DA:23,5
DA:33,3
DA:38,3
DA:39,6
DA:41,3
DA:47,3
DA:51,2
DA:53,8
DA:54,8
DA:55,8
DA:56,6
DA:57,2
LF:12
LH:12
end_of_record
SF:lib/src/core/memory/strategies/cache_eviction_strategy.dart
DA:11,15
DA:15,30
DA:21,15
DA:26,15
DA:28,1
DA:31,15
DA:33,2
DA:36,15
DA:38,15
DA:39,15
DA:40,15
DA:45,15
DA:46,15
DA:47,15
DA:49,15
DA:51,30
DA:52,15
DA:54,15
DA:58,15
DA:61,0
DA:62,0
DA:64,0
DA:68,0
DA:69,0
DA:75,2
DA:78,2
DA:80,2
DA:81,2
DA:82,2
DA:87,1
DA:92,1
DA:93,1
DA:97,1
DA:98,2
DA:99,2
DA:100,1
DA:102,2
DA:103,0
DA:107,1
DA:108,0
DA:112,1
DA:113,0
DA:116,0
LF:43
LH:34
end_of_record
SF:lib/src/core/memory/platform/android_memory_detector.dart
DA:13,1
DA:16,1
DA:17,1
DA:19,1
DA:23,1
DA:30,1
DA:33,1
DA:35,1
DA:37,1
DA:38,1
DA:39,1
DA:40,1
DA:42,1
DA:47,1
DA:49,1
DA:50,1
DA:51,1
DA:54,0
DA:58,0
DA:59,0
DA:60,0
DA:61,0
DA:62,0
DA:69,0
DA:73,0
DA:75,0
DA:81,0
DA:85,0
DA:86,0
DA:87,0
DA:88,0
DA:90,0
DA:96,1
DA:100,2
DA:106,1
DA:109,1
DA:116,1
DA:121,1
DA:124,1
DA:128,1
DA:130,1
DA:132,2
DA:135,3
DA:136,2
DA:140,3
DA:141,1
DA:142,2
DA:145,2
DA:148,1
DA:150,2
DA:151,1
DA:152,2
DA:153,1
LF:53
LH:38
end_of_record
SF:lib/src/core/memory/platform/ios_memory_detector.dart
DA:13,1
DA:16,1
DA:17,1
DA:19,1
DA:23,1
DA:25,1
DA:26,1
DA:27,1
DA:28,1
DA:30,1
DA:32,0
DA:33,1
DA:35,1
DA:39,1
DA:42,1
DA:43,1
DA:46,2
DA:48,1
DA:55,1
DA:62,3
DA:66,1
DA:70,2
DA:76,1
DA:79,1
DA:80,1
DA:83,0
DA:87,1
DA:89,1
DA:91,2
DA:94,3
DA:95,2
DA:99,3
DA:100,1
DA:101,2
DA:104,2
DA:107,1
DA:109,2
DA:110,1
DA:111,2
DA:112,1
LF:40
LH:38
end_of_record
SF:lib/src/core/memory/auto_track.dart
DA:24,1
DA:26,1
DA:28,1
DA:29,3
DA:30,3
DA:35,1
DA:37,1
DA:39,1
DA:40,2
DA:41,3
DA:45,2
DA:57,0
DA:59,0
DA:60,0
DA:61,0
DA:64,0
DA:66,0
DA:67,0
DA:68,0
DA:83,1
DA:85,1
DA:88,2
DA:89,1
DA:90,4
DA:91,3
DA:95,1
DA:97,1
DA:98,2
DA:99,3
DA:101,1
DA:117,1
DA:118,1
DA:121,1
DA:122,1
DA:124,1
DA:125,3
DA:129,1
DA:131,1
DA:132,1
DA:133,2
DA:137,2
DA:142,0
DA:145,1
DA:146,0
DA:147,2
DA:151,1
DA:152,2
DA:156,1
DA:157,1
DA:158,2
DA:162,1
DA:163,1
DA:164,1
DA:171,1
DA:172,1
DA:176,1
DA:177,1
LF:57
LH:47
end_of_record
SF:lib/src/core/util/retry_util_improved.dart
DA:23,1
DA:30,2
DA:31,1
DA:32,2
DA:33,1
DA:34,1
DA:50,1
DA:58,1
DA:59,1
DA:60,1
DA:63,1
DA:71,1
DA:73,1
DA:75,1
DA:77,1
DA:78,3
DA:81,1
DA:83,1
DA:86,1
DA:88,2
DA:90,1
DA:91,1
DA:92,1
DA:96,1
DA:97,1
DA:98,1
DA:100,1
DA:105,1
DA:109,4
DA:110,1
DA:115,1
DA:116,2
DA:117,2
DA:118,2
DA:119,1
DA:127,1
DA:128,2
DA:132,1
DA:136,4
DA:137,4
DA:138,1
DA:149,1
DA:153,1
DA:154,1
DA:155,1
DA:158,1
DA:163,1
DA:164,1
DA:167,3
DA:168,1
DA:169,3
DA:170,2
DA:172,2
DA:173,1
DA:176,1
DA:179,1
DA:186,3
DA:187,1
DA:188,1
DA:189,3
DA:191,2
DA:192,2
DA:194,2
DA:195,1
DA:196,1
DA:197,3
DA:199,2
DA:200,2
DA:201,2
DA:202,1
DA:205,1
DA:207,1
DA:208,1
DA:214,1
DA:216,0
DA:217,0
DA:218,0
DA:219,0
DA:222,0
DA:224,0
DA:238,1
DA:245,1
DA:252,1
DA:253,1
DA:256,1
DA:258,1
DA:259,2
DA:260,1
DA:265,1
DA:270,1
DA:275,0
DA:276,0
DA:277,0
DA:278,0
DA:281,0
DA:284,0
DA:296,1
DA:300,1
DA:301,1
DA:305,1
DA:310,1
DA:311,1
DA:313,3
DA:314,1
DA:315,2
DA:318,1
DA:319,3
DA:322,4
DA:324,1
DA:326,4
DA:327,1
DA:328,2
DA:329,1
DA:334,0
DA:335,0
DA:336,0
DA:337,0
DA:340,0
DA:341,0
DA:342,0
DA:350,4
DA:352,3
DA:353,1
DA:354,1
DA:356,1
DA:358,1
DA:359,2
DA:362,1
DA:363,1
DA:365,1
DA:370,3
DA:371,4
DA:372,1
DA:376,2
DA:379,1
DA:380,1
DA:381,1
DA:384,2
DA:386,2
DA:387,1
DA:391,1
DA:392,2
DA:393,1
DA:396,1
DA:397,1
DA:398,2
DA:399,1
DA:400,1
DA:401,2
DA:408,1
DA:414,1
DA:415,1
DA:420,1
DA:421,1
DA:422,1
DA:437,1
DA:442,1
LF:157
LH:138
end_of_record
SF:lib/src/core/error/error_result.dart
DA:43,1
DA:49,1
DA:50,2
DA:69,2
DA:72,2
DA:75,1
DA:76,2
DA:77,1
DA:81,1
DA:82,1
DA:83,2
DA:87,1
DA:88,1
DA:89,3
DA:93,1
DA:94,1
DA:95,1
DA:96,0
DA:100,1
DA:101,2
DA:102,1
DA:106,1
DA:107,2
DA:108,2
DA:112,1
DA:113,4
DA:114,3
DA:118,1
DA:120,3
DA:121,4
DA:125,1
DA:127,3
DA:128,3
DA:132,1
DA:134,3
DA:135,3
DA:139,1
DA:144,3
DA:145,3
DA:149,1
DA:150,2
DA:151,1
DA:157,1
DA:158,2
DA:159,1
DA:165,2
DA:168,2
DA:170,1
DA:172,3
DA:173,3
DA:182,1
DA:184,1
DA:186,4
DA:188,1
DA:189,2
DA:197,1
DA:199,1
DA:201,4
DA:203,1
DA:204,2
DA:209,1
DA:217,2
DA:239,1
DA:248,1
DA:250,1
DA:259,1
DA:271,1
DA:272,1
DA:273,2
DA:275,1
DA:276,3
DA:279,3
DA:280,3
DA:283,1
DA:287,3
DA:290,3
DA:293,3
DA:296,1
DA:297,2
DA:298,2
DA:299,0
DA:303,1
DA:312,1
DA:313,0
DA:314,1
DA:315,1
DA:316,0
DA:317,1
DA:318,1
DA:319,1
DA:323,1
DA:326,1
DA:327,3
DA:328,3
DA:329,3
DA:330,3
DA:332,1
DA:333,5
DA:335,1
DA:337,5
DA:344,1
DA:346,1
DA:347,3
DA:353,1
DA:354,4
DA:358,1
DA:360,3
DA:361,3
DA:362,1
DA:363,2
DA:364,1
DA:365,1
DA:374,1
DA:376,1
DA:377,3
DA:378,2
DA:382,1
DA:385,1
DA:386,2
DA:387,0
DA:391,1
DA:394,3
DA:398,0
DA:399,0
DA:401,0
DA:402,0
DA:410,1
DA:412,1
DA:423,1
DA:425,1
DA:435,1
DA:437,1
DA:448,1
DA:451,1
DA:453,1
DA:463,1
DA:464,1
LF:137
LH:128
end_of_record
SF:lib/src/core/error/cf_custom_exceptions.dart
DA:17,2
DA:21,2
DA:23,2
DA:24,10
DA:32,1
DA:37,1
DA:39,1
DA:40,1
DA:41,1
DA:42,1
DA:54,2
DA:62,2
DA:65,2
DA:68,2
DA:69,1
DA:70,2
DA:71,2
DA:72,3
DA:73,2
DA:84,2
DA:90,2
DA:92,2
DA:93,1
DA:94,2
DA:95,2
DA:96,2
DA:107,1
DA:113,1
DA:115,1
DA:116,1
DA:117,1
DA:118,1
DA:119,1
DA:130,2
DA:136,2
DA:138,2
DA:139,1
DA:140,2
DA:141,2
DA:142,2
DA:153,1
DA:159,1
DA:161,1
DA:162,1
DA:163,1
DA:164,1
DA:165,1
DA:176,2
DA:183,2
DA:185,2
DA:186,1
DA:187,2
DA:188,2
DA:189,2
DA:200,1
DA:206,1
DA:207,1
DA:208,1
DA:209,1
DA:210,1
DA:211,2
DA:212,2
DA:216,1
DA:218,1
DA:220,1
DA:221,1
DA:223,1
DA:242,1
DA:248,1
DA:250,1
DA:251,1
DA:252,1
DA:253,2
DA:254,2
DA:265,1
DA:271,1
DA:273,1
DA:274,1
DA:275,1
DA:276,1
DA:277,2
DA:288,1
DA:294,1
DA:296,1
DA:297,1
DA:298,1
DA:299,1
DA:300,3
DA:311,2
DA:317,2
DA:318,2
DA:319,2
DA:320,1
DA:321,2
DA:322,2
DA:323,4
DA:327,2
DA:330,2
DA:332,1
DA:334,1
DA:336,1
DA:338,1
DA:340,1
DA:342,1
DA:363,1
DA:368,1
DA:370,1
DA:371,1
DA:372,2
DA:373,1
DA:381,1
DA:388,1
DA:398,1
DA:403,1
DA:405,2
DA:412,0
DA:418,0
DA:427,0
DA:433,0
DA:442,0
DA:448,0
LF:121
LH:115
end_of_record
SF:lib/src/core/error/cf_error_boundary.dart
DA:39,3
DA:110,1
DA:112,0
DA:113,0
DA:116,1
DA:117,2
DA:119,1
DA:120,1
DA:122,1
DA:123,1
DA:124,1
DA:125,3
DA:129,0
DA:135,1
DA:136,2
DA:138,2
DA:139,1
DA:140,1
DA:141,1
DA:142,2
DA:143,2
DA:144,1
DA:149,1
DA:150,2
DA:152,2
DA:153,2
DA:155,2
DA:156,0
DA:157,0
DA:158,0
DA:159,0
DA:160,2
DA:161,4
DA:162,1
DA:163,5
DA:164,1
DA:165,3
DA:169,1
DA:170,4
DA:174,1
DA:175,1
DA:176,1
DA:177,2
DA:178,1
DA:179,2
DA:180,2
DA:193,1
DA:195,2
DA:196,0
DA:199,1
DA:201,2
DA:204,1
DA:214,1
DA:216,2
DA:219,1
DA:221,2
DA:234,0
DA:236,0
DA:239,0
DA:241,0
DA:242,0
DA:249,3
DA:250,3
DA:253,1
DA:260,1
DA:263,1
DA:264,1
DA:266,1
DA:271,2
DA:272,1
DA:276,1
DA:287,1
DA:298,2
DA:301,2
DA:302,3
DA:304,1
DA:305,4
DA:308,2
DA:309,1
DA:310,2
DA:311,3
DA:312,1
DA:317,1
DA:318,2
DA:319,1
DA:321,1
DA:325,1
DA:326,2
DA:329,1
DA:330,2
DA:331,1
DA:339,1
DA:340,1
DA:342,1
DA:344,2
DA:349,1
DA:350,2
DA:351,1
DA:358,1
DA:359,3
DA:360,1
DA:365,1
DA:366,1
DA:371,1
DA:377,1
DA:378,0
DA:379,0
DA:380,0
DA:381,0
DA:382,0
DA:387,2
DA:388,1
DA:390,1
DA:392,1
DA:393,2
DA:394,1
DA:397,0
DA:404,2
DA:405,1
DA:409,2
DA:410,1
DA:411,1
DA:412,1
DA:413,1
DA:414,1
DA:415,1
DA:416,1
DA:417,2
DA:418,1
DA:419,1
DA:425,1
DA:427,2
DA:429,2
DA:434,1
DA:437,3
DA:438,3
DA:442,6
DA:443,2
DA:446,1
DA:447,1
DA:448,2
DA:449,2
DA:457,1
DA:459,1
DA:460,1
DA:463,1
DA:466,1
DA:469,1
DA:472,1
DA:475,1
DA:481,2
DA:486,1
DA:487,1
DA:488,1
DA:489,1
DA:491,1
DA:492,1
DA:493,0
DA:501,1
DA:503,1
DA:504,1
DA:507,1
DA:510,1
DA:513,1
DA:516,1
DA:524,1
DA:525,1
DA:526,3
DA:527,4
DA:530,1
DA:531,2
DA:533,5
DA:534,2
DA:539,1
DA:540,2
DA:541,2
DA:542,1
DA:548,1
DA:553,1
DA:557,2
DA:563,1
DA:568,1
DA:572,2
DA:578,1
DA:583,1
DA:587,1
DA:593,1
DA:598,1
DA:602,1
LF:189
LH:169
end_of_record
SF:lib/src/lifecycle/cf_lifecycle_manager.dart
DA:26,1
DA:30,1
DA:31,3
DA:33,1
DA:34,1
DA:35,1
DA:36,1
DA:37,1
DA:40,0
DA:53,1
DA:54,1
DA:55,1
DA:56,1
DA:57,1
DA:63,1
DA:64,1
DA:65,1
DA:66,1
DA:67,1
DA:68,1
DA:74,1
DA:75,3
DA:76,1
DA:77,1
DA:79,1
DA:80,1
DA:81,1
DA:83,0
DA:95,0
DA:98,0
DA:102,1
DA:103,1
DA:104,1
DA:105,1
DA:110,1
DA:111,1
DA:116,1
DA:117,1
DA:122,1
DA:125,1
DA:132,2
DA:135,2
LF:42
LH:38
end_of_record
SF:lib/src/analytics/event/register_event.dart
DA:10,1
DA:12,1
DA:13,1
DA:14,5
DA:15,2
DA:19,3
DA:21,1
DA:22,1
DA:23,1
DA:24,3
DA:25,1
DA:26,2
DA:30,1
DA:31,2
LF:14
LH:14
end_of_record
